<?xml version="1.0" encoding="utf-8"?>
<CoverageSession xmlns:xsd="http://www.w3.org/2001/XMLSchema" xmlns:xsi="http://www.w3.org/2001/XMLSchema-instance">
  <Summary numSequencePoints="1027" visitedSequencePoints="483" numBranchPoints="655" visitedBranchPoints="274" sequenceCoverage="47.03" branchCoverage="41.83" maxCyclomaticComplexity="9" minCyclomaticComplexity="1" visitedClasses="68" numClasses="109" visitedMethods="184" numMethods="391" />
  <Modules>
    <Module skippedDueTo="Filter" hash="25-D7-13-D0-19-A0-4E-6E-91-98-15-30-CE-47-74-C6-4F-78-E9-60">
      <ModulePath>C:\WINDOWS\Microsoft.Net\assembly\GAC_32\mscorlib\v4.0_4.0.0.0__b77a5c561934e089\mscorlib.dll</ModulePath>
      <ModuleTime>2017-01-24T02:27:50.0507717Z</ModuleTime>
      <ModuleName>mscorlib</ModuleName>
      <Classes />
    </Module>
    <Module skippedDueTo="Filter" hash="B1-FB-83-AE-67-2A-A8-04-90-35-7C-AA-08-5D-20-1C-6D-A7-34-4A">
      <ModulePath>D:\srcs\GitProjects\Autofac.Extras.IocManager\tools\xunitrunner2.2.0\xunit.console.x86.exe</ModulePath>
      <ModuleTime>2017-02-19T12:18:06Z</ModuleTime>
      <ModuleName>xunit.console.x86</ModuleName>
      <Classes />
    </Module>
    <Module skippedDueTo="Filter" hash="6B-6F-B8-5B-DC-B5-68-78-DD-41-47-3F-3F-E9-C3-E6-50-F8-3A-87">
      <ModulePath>D:\srcs\GitProjects\Autofac.Extras.IocManager\tools\xunitrunner2.2.0\xunit.runner.utility.net452.dll</ModulePath>
      <ModuleTime>2017-02-19T12:18:06Z</ModuleTime>
      <ModuleName>xunit.runner.utility.net452</ModuleName>
      <Classes />
    </Module>
    <Module skippedDueTo="Filter" hash="9E-A9-5D-7F-86-82-4D-02-7D-07-AD-C0-17-06-5D-73-8F-1F-28-44">
      <ModulePath>D:\srcs\GitProjects\Autofac.Extras.IocManager\tools\xunitrunner2.2.0\xunit.abstractions.dll</ModulePath>
      <ModuleTime>2017-02-19T12:18:06Z</ModuleTime>
      <ModuleName>xunit.abstractions</ModuleName>
      <Classes />
    </Module>
    <Module skippedDueTo="Filter" hash="0E-27-EE-48-18-43-E9-5B-DA-5C-9E-39-CB-7D-31-B7-EA-D9-09-31">
      <ModulePath>C:\WINDOWS\Microsoft.Net\assembly\GAC_MSIL\System.Core\v4.0_4.0.0.0__b77a5c561934e089\System.Core.dll</ModulePath>
      <ModuleTime>2017-02-22T02:02:52.7009184Z</ModuleTime>
      <ModuleName>System.Core</ModuleName>
      <Classes />
    </Module>
    <Module skippedDueTo="Filter" hash="A7-58-FE-BD-E7-A0-1D-C9-FD-27-C1-11-E2-74-AE-E4-55-1D-FB-81">
      <ModulePath>D:\srcs\GitProjects\Autofac.Extras.IocManager\tools\xunitrunner2.2.0\xunit.runner.reporters.net452.dll</ModulePath>
      <ModuleTime>2017-02-19T12:18:06Z</ModuleTime>
      <ModuleName>xunit.runner.reporters.net452</ModuleName>
      <Classes />
    </Module>
    <Module skippedDueTo="Filter" hash="10-57-A7-EF-79-9A-41-A9-99-64-D8-4D-FD-F3-F2-D8-DF-89-08-EC">
      <ModulePath>C:\WINDOWS\Microsoft.Net\assembly\GAC_MSIL\System.Net.Http\v4.0_4.0.0.0__b03f5f7f11d50a3a\System.Net.Http.dll</ModulePath>
      <ModuleTime>2016-07-16T11:43:55.5773993Z</ModuleTime>
      <ModuleName>System.Net.Http</ModuleName>
      <Classes />
    </Module>
    <Module skippedDueTo="Filter" hash="4F-2D-57-51-8C-EB-A3-76-1B-CA-7F-0F-4C-1E-A5-88-77-48-84-05">
      <ModulePath>C:\WINDOWS\Microsoft.Net\assembly\GAC_MSIL\System\v4.0_4.0.0.0__b77a5c561934e089\System.dll</ModulePath>
      <ModuleTime>2017-01-24T02:27:50.5038952Z</ModuleTime>
      <ModuleName>System</ModuleName>
      <Classes />
    </Module>
    <Module skippedDueTo="Filter" hash="40-61-09-42-91-B5-43-99-05-D2-8B-4A-13-9C-17-1A-78-D1-3F-33">
      <ModulePath>C:\WINDOWS\Microsoft.Net\assembly\GAC_32\System.Web\v4.0_4.0.0.0__b03f5f7f11d50a3a\System.Web.dll</ModulePath>
      <ModuleTime>2017-01-24T02:27:50.9882692Z</ModuleTime>
      <ModuleName>System.Web</ModuleName>
      <Classes />
    </Module>
    <Module skippedDueTo="Filter" hash="34-A3-5D-67-8E-E7-DB-60-FE-97-F3-BD-D4-E7-40-6B-00-DA-51-C8">
      <ModulePath>C:\WINDOWS\Microsoft.Net\assembly\GAC_MSIL\System.Configuration\v4.0_4.0.0.0__b03f5f7f11d50a3a\System.Configuration.dll</ModulePath>
      <ModuleTime>2016-07-16T11:43:53.9992781Z</ModuleTime>
      <ModuleName>System.Configuration</ModuleName>
      <Classes />
    </Module>
    <Module skippedDueTo="Filter" hash="88-45-F0-9C-3C-9F-72-79-CB-6A-82-FA-D7-DB-C3-4A-59-80-3C-6B">
      <ModulePath>C:\WINDOWS\Microsoft.Net\assembly\GAC_MSIL\System.Xml\v4.0_4.0.0.0__b77a5c561934e089\System.Xml.dll</ModulePath>
      <ModuleTime>2016-07-16T11:43:55.4992744Z</ModuleTime>
      <ModuleName>System.Xml</ModuleName>
      <Classes />
    </Module>
    <Module skippedDueTo="Filter" hash="83-29-FE-C7-E7-7A-90-21-8F-92-A4-B2-93-EC-A9-9B-7E-10-7C-E5">
      <ModulePath>C:\WINDOWS\Microsoft.Net\assembly\GAC_MSIL\System.Xml.Linq\v4.0_4.0.0.0__b77a5c561934e089\System.Xml.Linq.dll</ModulePath>
      <ModuleTime>2016-07-16T11:43:57.0930219Z</ModuleTime>
      <ModuleName>System.Xml.Linq</ModuleName>
      <Classes />
    </Module>
    <Module skippedDueTo="Filter" hash="6B-6F-B8-5B-DC-B5-68-78-DD-41-47-3F-3F-E9-C3-E6-50-F8-3A-87">
      <ModulePath>C:\Users\OSOYKAN\AppData\Local\Temp\5c03e68f-86ff-4210-9b05-4a9fdbdcf69e\5c03e68f-86ff-4210-9b05-4a9fdbdcf69e\assembly\dl3\95c6800c\00d37139_aa8ad201\xunit.runner.utility.net452.dll</ModulePath>
      <ModuleTime>2017-04-06T19:30:39.1990753Z</ModuleTime>
      <ModuleName>xunit.runner.utility.net452</ModuleName>
      <Classes />
    </Module>
    <Module skippedDueTo="Filter" hash="0E-27-EE-48-18-43-E9-5B-DA-5C-9E-39-CB-7D-31-B7-EA-D9-09-31">
      <ModulePath>C:\WINDOWS\Microsoft.Net\assembly\GAC_MSIL\System.Core\v4.0_4.0.0.0__b77a5c561934e089\System.Core.dll</ModulePath>
      <ModuleTime>2017-02-22T02:02:52.7009184Z</ModuleTime>
      <ModuleName>System.Core</ModuleName>
      <Classes />
    </Module>
    <Module skippedDueTo="Filter" hash="4F-2D-57-51-8C-EB-A3-76-1B-CA-7F-0F-4C-1E-A5-88-77-48-84-05">
      <ModulePath>C:\WINDOWS\Microsoft.Net\assembly\GAC_MSIL\System\v4.0_4.0.0.0__b77a5c561934e089\System.dll</ModulePath>
      <ModuleTime>2017-01-24T02:27:50.5038952Z</ModuleTime>
      <ModuleName>System</ModuleName>
      <Classes />
    </Module>
    <Module skippedDueTo="Filter" hash="">
      <ModulePath>RefEmit_InMemoryManifestModule</ModulePath>
      <ModuleTime>0001-01-01T00:00:00</ModuleTime>
      <ModuleName>Anonymously Hosted DynamicMethods Assembly</ModuleName>
      <Classes />
    </Module>
    <Module skippedDueTo="Filter" hash="9A-8F-0E-5D-CC-B1-18-1D-9E-8C-A2-DA-95-C2-04-C9-47-33-65-95">
      <ModulePath>D:\srcs\GitProjects\Autofac.Extras.IocManager\test\Autofac.Extras.IocManager.Tests\bin\Release\net452\Autofac.Extras.IocManager.Tests.dll</ModulePath>
      <ModuleTime>2017-04-06T19:30:28.319017Z</ModuleTime>
      <ModuleName>Autofac.Extras.IocManager.Tests</ModuleName>
      <Classes />
    </Module>
    <Module skippedDueTo="Filter" hash="22-BF-85-45-30-E4-A4-E1-A4-09-15-3B-FA-9E-94-04-C1-EF-DA-B5">
      <ModulePath>D:\srcs\GitProjects\Autofac.Extras.IocManager\test\Autofac.Extras.IocManager.Tests\bin\Release\net452\Autofac.Extras.IocManager.TestBase.dll</ModulePath>
      <ModuleTime>2017-04-06T19:30:27.9932668Z</ModuleTime>
      <ModuleName>Autofac.Extras.IocManager.TestBase</ModuleName>
      <Classes />
    </Module>
    <Module hash="EF-21-A0-0B-99-4D-0A-E2-62-BC-F2-48-2F-1F-FD-F0-91-F6-59-33">
      <Summary numSequencePoints="498" visitedSequencePoints="315" numBranchPoints="318" visitedBranchPoints="180" sequenceCoverage="63.25" branchCoverage="56.60" maxCyclomaticComplexity="8" minCyclomaticComplexity="1" visitedClasses="43" numClasses="53" visitedMethods="125" numMethods="190" />
      <ModulePath>D:\srcs\GitProjects\Autofac.Extras.IocManager\test\Autofac.Extras.IocManager.Tests\bin\Release\net452\Autofac.Extras.IocManager.dll</ModulePath>
      <ModuleTime>2017-04-06T19:30:27.7377655Z</ModuleTime>
      <ModuleName>Autofac.Extras.IocManager</ModuleName>
      <Files>
        <File uid="1" fullPath="D:\srcs\GitProjects\Autofac.Extras.IocManager\src\Autofac.Extras.IocManager\ModuleRegistration.cs" />
        <File uid="2" fullPath="D:\srcs\GitProjects\Autofac.Extras.IocManager\src\Autofac.Extras.IocManager\ResolverContext.cs" />
        <File uid="3" fullPath="D:\srcs\GitProjects\Autofac.Extras.IocManager\src\Autofac.Extras.IocManager\AutofacExtensions.cs" />
        <File uid="7" fullPath="D:\srcs\GitProjects\Autofac.Extras.IocManager\src\Autofac.Extras.IocManager\DecoratorService.cs" />
        <File uid="12" fullPath="D:\srcs\GitProjects\Autofac.Extras.IocManager\src\Autofac.Extras.IocManager\DisposableScopeObjectWrapperOfT.cs" />
        <File uid="14" fullPath="D:\srcs\GitProjects\Autofac.Extras.IocManager\src\Autofac.Extras.IocManager\DoNotInjectAttributePropertySelector.cs" />
        <File uid="15" fullPath="D:\srcs\GitProjects\Autofac.Extras.IocManager\src\Autofac.Extras.IocManager\IocBuilder.cs" />
        <File uid="18" fullPath="D:\srcs\GitProjects\Autofac.Extras.IocManager\src\Autofac.Extras.IocManager\IocBuilderExtensions.cs" />
        <File uid="19" fullPath="D:\srcs\GitProjects\Autofac.Extras.IocManager\src\Autofac.Extras.IocManager\IocManager.cs" />
        <File uid="20" fullPath="D:\srcs\GitProjects\Autofac.Extras.IocManager\src\Autofac.Extras.IocManager\IocManagerExtensions.cs" />
        <File uid="21" fullPath="D:\srcs\GitProjects\Autofac.Extras.IocManager\src\Autofac.Extras.IocManager\IocManagerRegistrationExtensions.cs" />
        <File uid="24" fullPath="D:\srcs\GitProjects\Autofac.Extras.IocManager\src\Autofac.Extras.IocManager\IocScopedResolver.cs" />
        <File uid="25" fullPath="D:\srcs\GitProjects\Autofac.Extras.IocManager\src\Autofac.Extras.IocManager\ObjectExtensions.cs" />
        <File uid="26" fullPath="D:\srcs\GitProjects\Autofac.Extras.IocManager\src\Autofac.Extras.IocManager\OnDisposingEventArgs.cs" />
        <File uid="27" fullPath="D:\srcs\GitProjects\Autofac.Extras.IocManager\src\Autofac.Extras.IocManager\RegistrarExtensions.cs" />
        <File uid="28" fullPath="D:\srcs\GitProjects\Autofac.Extras.IocManager\src\Autofac.Extras.IocManager\RegistrationBuilderExtensions.cs" />
        <File uid="30" fullPath="D:\srcs\GitProjects\Autofac.Extras.IocManager\src\Autofac.Extras.IocManager\RegistrationCompletedEventArgs.cs" />
        <File uid="31" fullPath="D:\srcs\GitProjects\Autofac.Extras.IocManager\src\Autofac.Extras.IocManager\Resolver.cs" />
        <File uid="34" fullPath="D:\srcs\GitProjects\Autofac.Extras.IocManager\src\Autofac.Extras.IocManager\RootResolver.cs" />
        <File uid="35" fullPath="D:\srcs\GitProjects\Autofac.Extras.IocManager\src\Autofac.Extras.IocManager\RootResolverExtensions.cs" />
        <File uid="36" fullPath="D:\srcs\GitProjects\Autofac.Extras.IocManager\src\Autofac.Extras.IocManager\ScopeResolver.cs" />
        <File uid="37" fullPath="D:\srcs\GitProjects\Autofac.Extras.IocManager\src\Autofac.Extras.IocManager\ServiceRegistration.cs" />
        <File uid="43" fullPath="D:\srcs\GitProjects\Autofac.Extras.IocManager\src\Autofac.Extras.IocManager\SingletonDependency.cs" />
        <File uid="45" fullPath="D:\srcs\GitProjects\Autofac.Extras.IocManager\src\Autofac.Extras.IocManager\TypeExtensions.cs" />
        <File uid="52" fullPath="D:\srcs\GitProjects\Autofac.Extras.IocManager\src\Autofac.Extras.IocManager\TypeUtil.cs" />
      </Files>
      <Classes>
        <Class>
          <Summary numSequencePoints="0" visitedSequencePoints="0" numBranchPoints="0" visitedBranchPoints="0" sequenceCoverage="0" branchCoverage="0" maxCyclomaticComplexity="0" minCyclomaticComplexity="0" visitedClasses="0" numClasses="0" visitedMethods="0" numMethods="0" />
          <FullName>&lt;Module&gt;</FullName>
          <Methods />
        </Class>
        <Class>
          <Summary numSequencePoints="22" visitedSequencePoints="22" numBranchPoints="11" visitedBranchPoints="11" sequenceCoverage="100" branchCoverage="100" maxCyclomaticComplexity="2" minCyclomaticComplexity="1" visitedClasses="1" numClasses="1" visitedMethods="5" numMethods="5" />
          <FullName>ModuleRegistration</FullName>
          <Methods>
            <Method visited="true" cyclomaticComplexity="1" nPathComplexity="0" sequenceCoverage="100" branchCoverage="100" isConstructor="true" isStatic="false" isGetter="false" isSetter="false">
              <Summary numSequencePoints="4" visitedSequencePoints="4" numBranchPoints="1" visitedBranchPoints="1" sequenceCoverage="100" branchCoverage="100" maxCyclomaticComplexity="1" minCyclomaticComplexity="1" visitedClasses="0" numClasses="0" visitedMethods="1" numMethods="1" />
              <MetadataToken>100663297</MetadataToken>
              <Name>System.Void ModuleRegistration::.ctor(Autofac.Extras.IocManager.IocBuilder)</Name>
              <FileRef uid="1" />
              <SequencePoints>
                <SequencePoint vc="51" uspid="1" ordinal="0" offset="0" sl="11" sc="5" el="11" ec="91" bec="0" bev="0" fileid="1" />
                <SequencePoint vc="51" uspid="2" ordinal="1" offset="11" sl="22" sc="5" el="22" ec="53" bec="0" bev="0" fileid="1" />
                <SequencePoint vc="51" uspid="3" ordinal="2" offset="17" sl="24" sc="9" el="24" ec="38" bec="0" bev="0" fileid="1" />
                <SequencePoint vc="51" uspid="4" ordinal="3" offset="24" sl="25" sc="5" el="25" ec="6" bec="0" bev="0" fileid="1" />
              </SequencePoints>
              <BranchPoints />
              <MethodPoint xsi:type="SequencePoint" vc="51" uspid="1" ordinal="0" offset="0" sl="11" sc="5" el="11" ec="91" bec="0" bev="0" fileid="1" />
            </Method>
            <Method visited="true" cyclomaticComplexity="1" nPathComplexity="0" sequenceCoverage="100" branchCoverage="100" isConstructor="false" isStatic="false" isGetter="false" isSetter="false">
              <Summary numSequencePoints="3" visitedSequencePoints="3" numBranchPoints="1" visitedBranchPoints="1" sequenceCoverage="100" branchCoverage="100" maxCyclomaticComplexity="1" minCyclomaticComplexity="1" visitedClasses="0" numClasses="0" visitedMethods="1" numMethods="1" />
              <MetadataToken>100663298</MetadataToken>
              <Name>System.Void ModuleRegistration::Register()</Name>
              <FileRef uid="1" />
              <SequencePoints>
                <SequencePoint vc="3" uspid="5" ordinal="0" offset="0" sl="34" sc="9" el="34" ec="36" bec="0" bev="0" fileid="1" />
                <SequencePoint vc="3" uspid="6" ordinal="1" offset="6" sl="35" sc="9" el="35" ec="26" bec="0" bev="0" fileid="1" />
                <SequencePoint vc="3" uspid="7" ordinal="2" offset="13" sl="36" sc="5" el="36" ec="6" bec="0" bev="0" fileid="1" />
              </SequencePoints>
              <BranchPoints />
              <MethodPoint xsi:type="SequencePoint" vc="3" uspid="5" ordinal="0" offset="0" sl="34" sc="9" el="34" ec="36" bec="0" bev="0" fileid="1" />
            </Method>
            <Method visited="true" cyclomaticComplexity="2" nPathComplexity="2" sequenceCoverage="100" branchCoverage="100" isConstructor="false" isStatic="false" isGetter="false" isSetter="false">
              <Summary numSequencePoints="6" visitedSequencePoints="6" numBranchPoints="3" visitedBranchPoints="3" sequenceCoverage="100" branchCoverage="100" maxCyclomaticComplexity="2" minCyclomaticComplexity="2" visitedClasses="0" numClasses="0" visitedMethods="1" numMethods="1" />
              <MetadataToken>100663299</MetadataToken>
              <Name>System.Void ModuleRegistration::Register(TModule)</Name>
              <FileRef uid="1" />
              <SequencePoints>
                <SequencePoint vc="11" uspid="8" ordinal="0" offset="0" sl="47" sc="9" el="47" ec="43" bec="0" bev="0" fileid="1" />
                <SequencePoint vc="11" uspid="9" ordinal="1" offset="11" sl="48" sc="9" el="48" ec="46" bec="2" bev="2" fileid="1" />
                <SequencePoint vc="1" uspid="10" ordinal="2" offset="25" sl="50" sc="13" el="50" ec="109" bec="0" bev="0" fileid="1" />
                <SequencePoint vc="10" uspid="11" ordinal="3" offset="47" sl="53" sc="9" el="53" ec="37" bec="0" bev="0" fileid="1" />
                <SequencePoint vc="10" uspid="12" ordinal="4" offset="66" sl="54" sc="9" el="54" ec="42" bec="0" bev="0" fileid="1" />
                <SequencePoint vc="10" uspid="13" ordinal="5" offset="84" sl="55" sc="5" el="55" ec="6" bec="0" bev="0" fileid="1" />
              </SequencePoints>
              <BranchPoints>
                <BranchPoint vc="1" uspid="14" ordinal="0" offset="23" sl="48" path="0" offsetend="25" fileid="1" />
                <BranchPoint vc="10" uspid="15" ordinal="1" offset="23" sl="48" path="1" offsetend="47" fileid="1" />
              </BranchPoints>
              <MethodPoint xsi:type="SequencePoint" vc="11" uspid="8" ordinal="0" offset="0" sl="47" sc="9" el="47" ec="43" bec="0" bev="0" fileid="1" />
            </Method>
            <Method visited="true" cyclomaticComplexity="2" nPathComplexity="2" sequenceCoverage="100" branchCoverage="100" isConstructor="false" isStatic="false" isGetter="false" isSetter="false">
              <Summary numSequencePoints="3" visitedSequencePoints="3" numBranchPoints="3" visitedBranchPoints="3" sequenceCoverage="100" branchCoverage="100" maxCyclomaticComplexity="2" minCyclomaticComplexity="2" visitedClasses="0" numClasses="0" visitedMethods="1" numMethods="1" />
              <MetadataToken>100663300</MetadataToken>
              <Name>TModule ModuleRegistration::GetModule()</Name>
              <FileRef uid="1" />
              <SequencePoints>
                <SequencePoint vc="3" uspid="16" ordinal="0" offset="0" sl="67" sc="9" el="67" ec="39" bec="2" bev="2" fileid="1" />
                <SequencePoint vc="1" uspid="17" ordinal="1" offset="10" sl="69" sc="13" el="69" ec="104" bec="0" bev="0" fileid="1" />
                <SequencePoint vc="2" uspid="18" ordinal="2" offset="41" sl="72" sc="9" el="72" ec="23" bec="0" bev="0" fileid="1" />
              </SequencePoints>
              <BranchPoints>
                <BranchPoint vc="1" uspid="19" ordinal="0" offset="8" sl="67" path="0" offsetend="10" fileid="1" />
                <BranchPoint vc="2" uspid="20" ordinal="1" offset="8" sl="67" path="1" offsetend="41" fileid="1" />
              </BranchPoints>
              <MethodPoint xsi:type="SequencePoint" vc="3" uspid="16" ordinal="0" offset="0" sl="67" sc="9" el="67" ec="39" bec="2" bev="2" fileid="1" />
            </Method>
            <Method visited="true" cyclomaticComplexity="2" nPathComplexity="2" sequenceCoverage="100" branchCoverage="100" isConstructor="false" isStatic="false" isGetter="false" isSetter="false">
              <Summary numSequencePoints="6" visitedSequencePoints="6" numBranchPoints="3" visitedBranchPoints="3" sequenceCoverage="100" branchCoverage="100" maxCyclomaticComplexity="2" minCyclomaticComplexity="2" visitedClasses="0" numClasses="0" visitedMethods="1" numMethods="1" />
              <MetadataToken>100663301</MetadataToken>
              <Name>System.Boolean ModuleRegistration::TryGetModule(TModule&amp;)</Name>
              <FileRef uid="1" />
              <SequencePoints>
                <SequencePoint vc="5" uspid="21" ordinal="0" offset="0" sl="84" sc="9" el="84" ec="43" bec="0" bev="0" fileid="1" />
                <SequencePoint vc="5" uspid="22" ordinal="1" offset="11" sl="86" sc="9" el="86" ec="60" bec="2" bev="2" fileid="1" />
                <SequencePoint vc="2" uspid="23" ordinal="2" offset="27" sl="88" sc="13" el="88" ec="39" bec="0" bev="0" fileid="1" />
                <SequencePoint vc="2" uspid="24" ordinal="3" offset="34" sl="89" sc="13" el="89" ec="26" bec="0" bev="0" fileid="1" />
                <SequencePoint vc="3" uspid="25" ordinal="4" offset="36" sl="92" sc="9" el="92" ec="35" bec="0" bev="0" fileid="1" />
                <SequencePoint vc="3" uspid="26" ordinal="5" offset="48" sl="93" sc="9" el="93" ec="21" bec="0" bev="0" fileid="1" />
              </SequencePoints>
              <BranchPoints>
                <BranchPoint vc="2" uspid="27" ordinal="0" offset="25" sl="86" path="0" offsetend="27" fileid="1" />
                <BranchPoint vc="3" uspid="28" ordinal="1" offset="25" sl="86" path="1" offsetend="36" fileid="1" />
              </BranchPoints>
              <MethodPoint xsi:type="SequencePoint" vc="5" uspid="21" ordinal="0" offset="0" sl="84" sc="9" el="84" ec="43" bec="0" bev="0" fileid="1" />
            </Method>
          </Methods>
        </Class>
        <Class>
          <Summary numSequencePoints="4" visitedSequencePoints="4" numBranchPoints="2" visitedBranchPoints="2" sequenceCoverage="100" branchCoverage="100" maxCyclomaticComplexity="1" minCyclomaticComplexity="1" visitedClasses="1" numClasses="1" visitedMethods="2" numMethods="2" />
          <FullName>ResolverContext</FullName>
          <Methods>
            <Method visited="true" cyclomaticComplexity="1" nPathComplexity="0" sequenceCoverage="100" branchCoverage="100" isConstructor="false" isStatic="false" isGetter="true" isSetter="false">
              <Summary numSequencePoints="1" visitedSequencePoints="1" numBranchPoints="1" visitedBranchPoints="1" sequenceCoverage="100" branchCoverage="100" maxCyclomaticComplexity="1" minCyclomaticComplexity="1" visitedClasses="0" numClasses="0" visitedMethods="1" numMethods="1" />
              <MetadataToken>100663303</MetadataToken>
              <Name>Autofac.Extras.IocManager.IResolver ResolverContext::get_Resolver()</Name>
              <FileRef uid="2" />
              <SequencePoints>
                <SequencePoint vc="3" uspid="29" ordinal="0" offset="0" sl="20" sc="33" el="20" ec="37" bec="0" bev="0" fileid="2" />
              </SequencePoints>
              <BranchPoints />
              <MethodPoint xsi:type="SequencePoint" vc="3" uspid="29" ordinal="0" offset="0" sl="20" sc="33" el="20" ec="37" bec="0" bev="0" fileid="2" />
            </Method>
            <Method visited="true" cyclomaticComplexity="1" nPathComplexity="0" sequenceCoverage="100" branchCoverage="100" isConstructor="true" isStatic="false" isGetter="false" isSetter="false">
              <Summary numSequencePoints="3" visitedSequencePoints="3" numBranchPoints="1" visitedBranchPoints="1" sequenceCoverage="100" branchCoverage="100" maxCyclomaticComplexity="1" minCyclomaticComplexity="1" visitedClasses="0" numClasses="0" visitedMethods="1" numMethods="1" />
              <MetadataToken>100663302</MetadataToken>
              <Name>System.Void ResolverContext::.ctor(Autofac.Extras.IocManager.IResolver)</Name>
              <FileRef uid="2" />
              <SequencePoints>
                <SequencePoint vc="50" uspid="30" ordinal="0" offset="0" sl="9" sc="5" el="9" ec="47" bec="0" bev="0" fileid="2" />
                <SequencePoint vc="50" uspid="31" ordinal="1" offset="6" sl="11" sc="9" el="11" ec="29" bec="0" bev="0" fileid="2" />
                <SequencePoint vc="50" uspid="32" ordinal="2" offset="13" sl="12" sc="5" el="12" ec="6" bec="0" bev="0" fileid="2" />
              </SequencePoints>
              <BranchPoints />
              <MethodPoint xsi:type="SequencePoint" vc="50" uspid="30" ordinal="0" offset="0" sl="9" sc="5" el="9" ec="47" bec="0" bev="0" fileid="2" />
            </Method>
          </Methods>
        </Class>
        <Class>
          <Summary numSequencePoints="18" visitedSequencePoints="15" numBranchPoints="10" visitedBranchPoints="7" sequenceCoverage="83.33" branchCoverage="70" maxCyclomaticComplexity="4" minCyclomaticComplexity="1" visitedClasses="1" numClasses="1" visitedMethods="3" numMethods="4" />
          <FullName>Autofac.Extras.IocManager.AutofacExtensions</FullName>
          <Methods>
            <Method visited="true" cyclomaticComplexity="1" nPathComplexity="0" sequenceCoverage="0" branchCoverage="0" isConstructor="false" isStatic="true" isGetter="false" isSetter="false">
              <Summary numSequencePoints="0" visitedSequencePoints="0" numBranchPoints="0" visitedBranchPoints="0" sequenceCoverage="0" branchCoverage="0" maxCyclomaticComplexity="1" minCyclomaticComplexity="1" visitedClasses="0" numClasses="0" visitedMethods="0" numMethods="0" />
              <MetadataToken>100663304</MetadataToken>
              <Name>System.Collections.Generic.IEnumerable`1&lt;Autofac.TypedParameter&gt; Autofac.Extras.IocManager.AutofacExtensions::GetTypedResolvingParameters(System.Object)</Name>
              <SequencePoints />
              <BranchPoints />
              <MethodPoint vc="2" uspid="33" ordinal="0" offset="0" />
            </Method>
            <Method visited="false" cyclomaticComplexity="3" nPathComplexity="2" sequenceCoverage="0" branchCoverage="0" isConstructor="false" isStatic="true" isGetter="false" isSetter="false">
              <Summary numSequencePoints="3" visitedSequencePoints="0" numBranchPoints="3" visitedBranchPoints="0" sequenceCoverage="0" branchCoverage="0" maxCyclomaticComplexity="3" minCyclomaticComplexity="3" visitedClasses="0" numClasses="0" visitedMethods="0" numMethods="1" />
              <MetadataToken>100663305</MetadataToken>
              <Name>Autofac.Builder.IRegistrationBuilder`3&lt;TLimit,Autofac.Features.Scanning.ScanningActivatorData,Autofac.Builder.DynamicRegistrationStyle&gt; Autofac.Extras.IocManager.AutofacExtensions::AsDefaultInterfacesWithSelf(Autofac.Builder.IRegistrationBuilder`3&lt;TLimit,Autofac.Features.Scanning.ScanningActivatorData,Autofac.Builder.DynamicRegistrationStyle&gt;)</Name>
              <FileRef uid="3" />
              <SequencePoints>
                <SequencePoint vc="0" uspid="34" ordinal="0" offset="0" sl="36" sc="13" el="36" ec="38" bec="2" bev="0" fileid="3" />
                <SequencePoint vc="0" uspid="35" ordinal="1" offset="3" sl="38" sc="17" el="38" ec="71" bec="0" bev="0" fileid="3" />
                <SequencePoint vc="0" uspid="36" ordinal="2" offset="14" sl="41" sc="13" el="41" ec="94" bec="0" bev="0" fileid="3" />
              </SequencePoints>
              <BranchPoints>
                <BranchPoint vc="0" uspid="37" ordinal="0" offset="1" sl="36" path="0" offsetend="3" fileid="3" />
                <BranchPoint vc="0" uspid="38" ordinal="1" offset="1" sl="36" path="1" offsetend="14" fileid="3" />
              </BranchPoints>
              <MethodPoint xsi:type="SequencePoint" vc="0" uspid="34" ordinal="0" offset="0" sl="36" sc="13" el="36" ec="38" bec="2" bev="0" fileid="3" />
            </Method>
            <Method visited="true" cyclomaticComplexity="1" nPathComplexity="0" sequenceCoverage="100" branchCoverage="100" isConstructor="false" isStatic="true" isGetter="false" isSetter="false">
              <Summary numSequencePoints="2" visitedSequencePoints="2" numBranchPoints="1" visitedBranchPoints="1" sequenceCoverage="100" branchCoverage="100" maxCyclomaticComplexity="1" minCyclomaticComplexity="1" visitedClasses="0" numClasses="0" visitedMethods="1" numMethods="1" />
              <MetadataToken>100663306</MetadataToken>
              <Name>System.Void Autofac.Extras.IocManager.AutofacExtensions::RegisterDependenciesByAssembly(Autofac.ContainerBuilder,System.Reflection.Assembly)</Name>
              <FileRef uid="3" />
              <SequencePoints>
                <SequencePoint vc="36" uspid="41" ordinal="0" offset="0" sl="52" sc="13" el="54" ec="71" bec="0" bev="0" fileid="3" />
                <SequencePoint vc="36" uspid="42" ordinal="1" offset="33" sl="55" sc="9" el="55" ec="10" bec="0" bev="0" fileid="3" />
              </SequencePoints>
              <BranchPoints />
              <MethodPoint xsi:type="SequencePoint" vc="36" uspid="41" ordinal="0" offset="0" sl="52" sc="13" el="54" ec="71" bec="0" bev="0" fileid="3" />
            </Method>
            <Method visited="true" cyclomaticComplexity="4" nPathComplexity="2" sequenceCoverage="100" branchCoverage="100" isConstructor="false" isStatic="true" isGetter="false" isSetter="false">
              <Summary numSequencePoints="10" visitedSequencePoints="10" numBranchPoints="3" visitedBranchPoints="3" sequenceCoverage="100" branchCoverage="100" maxCyclomaticComplexity="4" minCyclomaticComplexity="4" visitedClasses="0" numClasses="0" visitedMethods="1" numMethods="1" />
              <MetadataToken>100663307</MetadataToken>
              <Name>System.Void Autofac.Extras.IocManager.AutofacExtensions::RegisterApplyingLifetime(Autofac.ContainerBuilder,System.Type)</Name>
              <FileRef uid="3" />
              <SequencePoints>
                <SequencePoint vc="252" uspid="43" ordinal="0" offset="0" sl="65" sc="13" el="65" ec="91" bec="0" bev="0" fileid="3" />
                <SequencePoint vc="252" uspid="44" ordinal="1" offset="12" sl="67" sc="13" el="67" ec="56" bec="2" bev="2" fileid="3" />
                <SequencePoint vc="60" uspid="45" ordinal="2" offset="20" sl="69" sc="17" el="69" ec="101" bec="0" bev="0" fileid="3" />
                <SequencePoint vc="60" uspid="46" ordinal="3" offset="63" sl="70" sc="17" el="70" ec="73" bec="0" bev="0" fileid="3" />
                <SequencePoint vc="60" uspid="47" ordinal="4" offset="70" sl="71" sc="17" el="75" ec="59" bec="0" bev="0" fileid="3" />
                <SequencePoint vc="60" uspid="48" ordinal="5" offset="119" sl="76" sc="13" el="76" ec="14" bec="0" bev="0" fileid="3" />
                <SequencePoint vc="192" uspid="49" ordinal="6" offset="120" sl="79" sc="17" el="79" ec="95" bec="0" bev="0" fileid="3" />
                <SequencePoint vc="192" uspid="50" ordinal="7" offset="163" sl="80" sc="17" el="80" ec="66" bec="0" bev="0" fileid="3" />
                <SequencePoint vc="192" uspid="51" ordinal="8" offset="170" sl="81" sc="17" el="85" ec="59" bec="0" bev="0" fileid="3" />
                <SequencePoint vc="192" uspid="52" ordinal="9" offset="219" sl="87" sc="9" el="87" ec="10" bec="0" bev="0" fileid="3" />
              </SequencePoints>
              <BranchPoints>
                <BranchPoint vc="60" uspid="53" ordinal="0" offset="18" sl="67" path="0" offsetend="20" fileid="3" />
                <BranchPoint vc="192" uspid="54" ordinal="1" offset="18" sl="67" path="1" offsetend="120" fileid="3" />
              </BranchPoints>
              <MethodPoint xsi:type="SequencePoint" vc="252" uspid="43" ordinal="0" offset="0" sl="65" sc="13" el="65" ec="91" bec="0" bev="0" fileid="3" />
            </Method>
            <Method visited="true" cyclomaticComplexity="2" nPathComplexity="2" sequenceCoverage="100" branchCoverage="100" isConstructor="false" isStatic="true" isGetter="false" isSetter="false">
              <Summary numSequencePoints="3" visitedSequencePoints="3" numBranchPoints="3" visitedBranchPoints="3" sequenceCoverage="100" branchCoverage="100" maxCyclomaticComplexity="2" minCyclomaticComplexity="2" visitedClasses="0" numClasses="0" visitedMethods="1" numMethods="1" />
              <MetadataToken>100663308</MetadataToken>
              <Name>System.Void Autofac.Extras.IocManager.AutofacExtensions::AddStartableIfPossible(System.Type,System.Collections.Generic.ICollection`1&lt;System.Type&gt;)</Name>
              <FileRef uid="3" />
              <SequencePoints>
                <SequencePoint vc="252" uspid="59" ordinal="0" offset="0" sl="91" sc="13" el="91" ec="61" bec="2" bev="2" fileid="3" />
                <SequencePoint vc="36" uspid="60" ordinal="1" offset="8" sl="93" sc="17" el="93" ec="59" bec="0" bev="0" fileid="3" />
                <SequencePoint vc="252" uspid="61" ordinal="2" offset="24" sl="95" sc="9" el="95" ec="10" bec="0" bev="0" fileid="3" />
              </SequencePoints>
              <BranchPoints>
                <BranchPoint vc="36" uspid="62" ordinal="0" offset="6" sl="91" path="0" offsetend="8" fileid="3" />
                <BranchPoint vc="216" uspid="63" ordinal="1" offset="6" sl="91" path="1" offsetend="24" fileid="3" />
              </BranchPoints>
              <MethodPoint xsi:type="SequencePoint" vc="252" uspid="59" ordinal="0" offset="0" sl="91" sc="13" el="91" ec="61" bec="2" bev="2" fileid="3" />
            </Method>
          </Methods>
        </Class>
        <Class>
          <Summary numSequencePoints="5" visitedSequencePoints="5" numBranchPoints="1" visitedBranchPoints="1" sequenceCoverage="100" branchCoverage="100" maxCyclomaticComplexity="4" minCyclomaticComplexity="1" visitedClasses="1" numClasses="1" visitedMethods="1" numMethods="1" />
          <FullName>Autofac.Extras.IocManager.AutofacExtensions/&lt;GetTypedResolvingParameters&gt;d__0</FullName>
          <Methods>
            <Method visited="true" cyclomaticComplexity="1" nPathComplexity="0" sequenceCoverage="0" branchCoverage="0" isConstructor="false" isStatic="false" isGetter="true" isSetter="false">
              <Summary numSequencePoints="0" visitedSequencePoints="0" numBranchPoints="0" visitedBranchPoints="0" sequenceCoverage="0" branchCoverage="0" maxCyclomaticComplexity="1" minCyclomaticComplexity="1" visitedClasses="0" numClasses="0" visitedMethods="0" numMethods="0" />
              <MetadataToken>100663534</MetadataToken>
              <Name>Autofac.TypedParameter Autofac.Extras.IocManager.AutofacExtensions/&lt;GetTypedResolvingParameters&gt;d__0::System.Collections.Generic.IEnumerator&lt;Autofac.TypedParameter&gt;.get_Current()</Name>
              <SequencePoints />
              <BranchPoints />
              <MethodPoint vc="3" uspid="64" ordinal="0" offset="0" />
            </Method>
            <Method visited="false" cyclomaticComplexity="1" nPathComplexity="0" sequenceCoverage="0" branchCoverage="0" isConstructor="false" isStatic="false" isGetter="true" isSetter="false">
              <Summary numSequencePoints="0" visitedSequencePoints="0" numBranchPoints="0" visitedBranchPoints="0" sequenceCoverage="0" branchCoverage="0" maxCyclomaticComplexity="1" minCyclomaticComplexity="1" visitedClasses="0" numClasses="0" visitedMethods="0" numMethods="0" />
              <MetadataToken>100663536</MetadataToken>
              <Name>System.Object Autofac.Extras.IocManager.AutofacExtensions/&lt;GetTypedResolvingParameters&gt;d__0::System.Collections.IEnumerator.get_Current()</Name>
              <SequencePoints />
              <BranchPoints />
              <MethodPoint vc="0" uspid="65" ordinal="0" offset="0" />
            </Method>
            <Method visited="true" cyclomaticComplexity="1" nPathComplexity="0" sequenceCoverage="0" branchCoverage="0" isConstructor="true" isStatic="false" isGetter="false" isSetter="false">
              <Summary numSequencePoints="0" visitedSequencePoints="0" numBranchPoints="0" visitedBranchPoints="0" sequenceCoverage="0" branchCoverage="0" maxCyclomaticComplexity="1" minCyclomaticComplexity="1" visitedClasses="0" numClasses="0" visitedMethods="0" numMethods="0" />
              <MetadataToken>100663531</MetadataToken>
              <Name>System.Void Autofac.Extras.IocManager.AutofacExtensions/&lt;GetTypedResolvingParameters&gt;d__0::.ctor(System.Int32)</Name>
              <SequencePoints />
              <BranchPoints />
              <MethodPoint vc="3" uspid="66" ordinal="0" offset="0" />
            </Method>
            <Method visited="true" cyclomaticComplexity="1" nPathComplexity="0" sequenceCoverage="0" branchCoverage="0" isConstructor="false" isStatic="false" isGetter="false" isSetter="false">
              <Summary numSequencePoints="0" visitedSequencePoints="0" numBranchPoints="0" visitedBranchPoints="0" sequenceCoverage="0" branchCoverage="0" maxCyclomaticComplexity="1" minCyclomaticComplexity="1" visitedClasses="0" numClasses="0" visitedMethods="0" numMethods="0" />
              <MetadataToken>100663532</MetadataToken>
              <Name>System.Void Autofac.Extras.IocManager.AutofacExtensions/&lt;GetTypedResolvingParameters&gt;d__0::System.IDisposable.Dispose()</Name>
              <SequencePoints />
              <BranchPoints />
              <MethodPoint vc="3" uspid="67" ordinal="0" offset="0" />
            </Method>
            <Method visited="true" cyclomaticComplexity="4" nPathComplexity="0" sequenceCoverage="100" branchCoverage="100" isConstructor="false" isStatic="false" isGetter="false" isSetter="false">
              <Summary numSequencePoints="5" visitedSequencePoints="5" numBranchPoints="1" visitedBranchPoints="1" sequenceCoverage="100" branchCoverage="100" maxCyclomaticComplexity="4" minCyclomaticComplexity="4" visitedClasses="0" numClasses="0" visitedMethods="1" numMethods="1" />
              <MetadataToken>100663533</MetadataToken>
              <Name>System.Boolean Autofac.Extras.IocManager.AutofacExtensions/&lt;GetTypedResolvingParameters&gt;d__0::MoveNext()</Name>
              <FileRef uid="3" />
              <SequencePoints>
                <SequencePoint vc="3" uspid="68" ordinal="0" offset="23" sl="20" sc="51" el="20" ec="82" bec="0" bev="0" fileid="3" />
                <SequencePoint vc="4" uspid="69" ordinal="1" offset="54" sl="20" sc="22" el="20" ec="47" bec="0" bev="0" fileid="3" />
                <SequencePoint vc="4" uspid="70" ordinal="2" offset="68" sl="22" sc="17" el="22" ec="112" bec="0" bev="0" fileid="3" />
                <SequencePoint vc="5" uspid="71" ordinal="3" offset="128" sl="20" sc="48" el="20" ec="50" bec="0" bev="0" fileid="3" />
                <SequencePoint vc="1" uspid="72" ordinal="4" offset="151" sl="24" sc="9" el="24" ec="10" bec="0" bev="0" fileid="3" />
              </SequencePoints>
              <BranchPoints />
              <MethodPoint vc="5" uspid="77" ordinal="0" offset="0" />
            </Method>
            <Method visited="false" cyclomaticComplexity="1" nPathComplexity="0" sequenceCoverage="0" branchCoverage="0" isConstructor="false" isStatic="false" isGetter="false" isSetter="false">
              <Summary numSequencePoints="0" visitedSequencePoints="0" numBranchPoints="0" visitedBranchPoints="0" sequenceCoverage="0" branchCoverage="0" maxCyclomaticComplexity="1" minCyclomaticComplexity="1" visitedClasses="0" numClasses="0" visitedMethods="0" numMethods="0" />
              <MetadataToken>100663535</MetadataToken>
              <Name>System.Void Autofac.Extras.IocManager.AutofacExtensions/&lt;GetTypedResolvingParameters&gt;d__0::System.Collections.IEnumerator.Reset()</Name>
              <SequencePoints />
              <BranchPoints />
              <MethodPoint vc="0" uspid="78" ordinal="0" offset="0" />
            </Method>
            <Method visited="true" cyclomaticComplexity="3" nPathComplexity="0" sequenceCoverage="0" branchCoverage="0" isConstructor="false" isStatic="false" isGetter="false" isSetter="false">
              <Summary numSequencePoints="0" visitedSequencePoints="0" numBranchPoints="0" visitedBranchPoints="0" sequenceCoverage="0" branchCoverage="0" maxCyclomaticComplexity="3" minCyclomaticComplexity="3" visitedClasses="0" numClasses="0" visitedMethods="0" numMethods="0" />
              <MetadataToken>100663537</MetadataToken>
              <Name>System.Collections.Generic.IEnumerator`1&lt;Autofac.TypedParameter&gt; Autofac.Extras.IocManager.AutofacExtensions/&lt;GetTypedResolvingParameters&gt;d__0::System.Collections.Generic.IEnumerable&lt;Autofac.TypedParameter&gt;.GetEnumerator()</Name>
              <SequencePoints />
              <BranchPoints />
              <MethodPoint vc="3" uspid="79" ordinal="0" offset="0" />
            </Method>
            <Method visited="false" cyclomaticComplexity="1" nPathComplexity="0" sequenceCoverage="0" branchCoverage="0" isConstructor="false" isStatic="false" isGetter="false" isSetter="false">
              <Summary numSequencePoints="0" visitedSequencePoints="0" numBranchPoints="0" visitedBranchPoints="0" sequenceCoverage="0" branchCoverage="0" maxCyclomaticComplexity="1" minCyclomaticComplexity="1" visitedClasses="0" numClasses="0" visitedMethods="0" numMethods="0" />
              <MetadataToken>100663538</MetadataToken>
              <Name>System.Collections.IEnumerator Autofac.Extras.IocManager.AutofacExtensions/&lt;GetTypedResolvingParameters&gt;d__0::System.Collections.IEnumerable.GetEnumerator()</Name>
              <SequencePoints />
              <BranchPoints />
              <MethodPoint vc="0" uspid="80" ordinal="0" offset="0" />
            </Method>
          </Methods>
        </Class>
        <Class>
          <Summary numSequencePoints="1" visitedSequencePoints="0" numBranchPoints="1" visitedBranchPoints="0" sequenceCoverage="0" branchCoverage="0" maxCyclomaticComplexity="1" minCyclomaticComplexity="1" visitedClasses="0" numClasses="1" visitedMethods="0" numMethods="1" />
          <FullName>Autofac.Extras.IocManager.AutofacExtensions/&lt;&gt;c__1`1</FullName>
          <Methods>
            <Method visited="false" cyclomaticComplexity="1" nPathComplexity="0" sequenceCoverage="0" branchCoverage="0" isConstructor="true" isStatic="true" isGetter="false" isSetter="false">
              <Summary numSequencePoints="0" visitedSequencePoints="0" numBranchPoints="0" visitedBranchPoints="0" sequenceCoverage="0" branchCoverage="0" maxCyclomaticComplexity="1" minCyclomaticComplexity="1" visitedClasses="0" numClasses="0" visitedMethods="0" numMethods="0" />
              <MetadataToken>100663539</MetadataToken>
              <Name>System.Void Autofac.Extras.IocManager.AutofacExtensions/&lt;&gt;c__1`1::.cctor()</Name>
              <SequencePoints />
              <BranchPoints />
              <MethodPoint vc="0" uspid="81" ordinal="0" offset="0" />
            </Method>
            <Method visited="false" cyclomaticComplexity="1" nPathComplexity="0" sequenceCoverage="0" branchCoverage="0" isConstructor="true" isStatic="false" isGetter="false" isSetter="false">
              <Summary numSequencePoints="0" visitedSequencePoints="0" numBranchPoints="0" visitedBranchPoints="0" sequenceCoverage="0" branchCoverage="0" maxCyclomaticComplexity="1" minCyclomaticComplexity="1" visitedClasses="0" numClasses="0" visitedMethods="0" numMethods="0" />
              <MetadataToken>100663540</MetadataToken>
              <Name>System.Void Autofac.Extras.IocManager.AutofacExtensions/&lt;&gt;c__1`1::.ctor()</Name>
              <SequencePoints />
              <BranchPoints />
              <MethodPoint vc="0" uspid="82" ordinal="0" offset="0" />
            </Method>
            <Method visited="false" cyclomaticComplexity="1" nPathComplexity="0" sequenceCoverage="0" branchCoverage="0" isConstructor="false" isStatic="false" isGetter="false" isSetter="false">
              <Summary numSequencePoints="1" visitedSequencePoints="0" numBranchPoints="1" visitedBranchPoints="0" sequenceCoverage="0" branchCoverage="0" maxCyclomaticComplexity="1" minCyclomaticComplexity="1" visitedClasses="0" numClasses="0" visitedMethods="0" numMethods="1" />
              <MetadataToken>100663541</MetadataToken>
              <Name>System.Collections.Generic.IEnumerable`1&lt;System.Type&gt; Autofac.Extras.IocManager.AutofacExtensions/&lt;&gt;c__1`1::&lt;AsDefaultInterfacesWithSelf&gt;b__1_0(System.Type)</Name>
              <FileRef uid="3" />
              <SequencePoints>
                <SequencePoint vc="0" uspid="83" ordinal="0" offset="0" sl="41" sc="41" el="41" ec="92" bec="0" bev="0" fileid="3" />
              </SequencePoints>
              <BranchPoints />
              <MethodPoint xsi:type="SequencePoint" vc="0" uspid="83" ordinal="0" offset="0" sl="41" sc="41" el="41" ec="92" bec="0" bev="0" fileid="3" />
            </Method>
          </Methods>
        </Class>
        <Class>
          <Summary numSequencePoints="2" visitedSequencePoints="2" numBranchPoints="2" visitedBranchPoints="2" sequenceCoverage="100" branchCoverage="100" maxCyclomaticComplexity="1" minCyclomaticComplexity="1" visitedClasses="1" numClasses="1" visitedMethods="2" numMethods="2" />
          <FullName>Autofac.Extras.IocManager.AutofacExtensions/&lt;&gt;c__3`1</FullName>
          <Methods>
            <Method visited="true" cyclomaticComplexity="1" nPathComplexity="0" sequenceCoverage="0" branchCoverage="0" isConstructor="true" isStatic="true" isGetter="false" isSetter="false">
              <Summary numSequencePoints="0" visitedSequencePoints="0" numBranchPoints="0" visitedBranchPoints="0" sequenceCoverage="0" branchCoverage="0" maxCyclomaticComplexity="1" minCyclomaticComplexity="1" visitedClasses="0" numClasses="0" visitedMethods="0" numMethods="0" />
              <MetadataToken>100663542</MetadataToken>
              <Name>System.Void Autofac.Extras.IocManager.AutofacExtensions/&lt;&gt;c__3`1::.cctor()</Name>
              <SequencePoints />
              <BranchPoints />
              <MethodPoint vc="3" uspid="84" ordinal="0" offset="0" />
            </Method>
            <Method visited="true" cyclomaticComplexity="1" nPathComplexity="0" sequenceCoverage="0" branchCoverage="0" isConstructor="true" isStatic="false" isGetter="false" isSetter="false">
              <Summary numSequencePoints="0" visitedSequencePoints="0" numBranchPoints="0" visitedBranchPoints="0" sequenceCoverage="0" branchCoverage="0" maxCyclomaticComplexity="1" minCyclomaticComplexity="1" visitedClasses="0" numClasses="0" visitedMethods="0" numMethods="0" />
              <MetadataToken>100663543</MetadataToken>
              <Name>System.Void Autofac.Extras.IocManager.AutofacExtensions/&lt;&gt;c__3`1::.ctor()</Name>
              <SequencePoints />
              <BranchPoints />
              <MethodPoint vc="3" uspid="85" ordinal="0" offset="0" />
            </Method>
            <Method visited="true" cyclomaticComplexity="1" nPathComplexity="0" sequenceCoverage="100" branchCoverage="100" isConstructor="false" isStatic="false" isGetter="false" isSetter="false">
              <Summary numSequencePoints="1" visitedSequencePoints="1" numBranchPoints="1" visitedBranchPoints="1" sequenceCoverage="100" branchCoverage="100" maxCyclomaticComplexity="1" minCyclomaticComplexity="1" visitedClasses="0" numClasses="0" visitedMethods="1" numMethods="1" />
              <MetadataToken>100663544</MetadataToken>
              <Name>System.Boolean Autofac.Extras.IocManager.AutofacExtensions/&lt;&gt;c__3`1::&lt;RegisterApplyingLifetime&gt;b__3_0(System.Type)</Name>
              <FileRef uid="3" />
              <SequencePoints>
                <SequencePoint vc="60" uspid="86" ordinal="0" offset="0" sl="69" sc="75" el="69" ec="90" bec="0" bev="0" fileid="3" />
              </SequencePoints>
              <BranchPoints />
              <MethodPoint xsi:type="SequencePoint" vc="60" uspid="86" ordinal="0" offset="0" sl="69" sc="75" el="69" ec="90" bec="0" bev="0" fileid="3" />
            </Method>
            <Method visited="true" cyclomaticComplexity="1" nPathComplexity="0" sequenceCoverage="100" branchCoverage="100" isConstructor="false" isStatic="false" isGetter="false" isSetter="false">
              <Summary numSequencePoints="1" visitedSequencePoints="1" numBranchPoints="1" visitedBranchPoints="1" sequenceCoverage="100" branchCoverage="100" maxCyclomaticComplexity="1" minCyclomaticComplexity="1" visitedClasses="0" numClasses="0" visitedMethods="1" numMethods="1" />
              <MetadataToken>100663545</MetadataToken>
              <Name>System.Boolean Autofac.Extras.IocManager.AutofacExtensions/&lt;&gt;c__3`1::&lt;RegisterApplyingLifetime&gt;b__3_1(System.Type)</Name>
              <FileRef uid="3" />
              <SequencePoints>
                <SequencePoint vc="192" uspid="87" ordinal="0" offset="0" sl="79" sc="68" el="79" ec="84" bec="0" bev="0" fileid="3" />
              </SequencePoints>
              <BranchPoints />
              <MethodPoint xsi:type="SequencePoint" vc="192" uspid="87" ordinal="0" offset="0" sl="79" sc="68" el="79" ec="84" bec="0" bev="0" fileid="3" />
            </Method>
          </Methods>
        </Class>
        <Class>
          <Summary numSequencePoints="11" visitedSequencePoints="11" numBranchPoints="5" visitedBranchPoints="5" sequenceCoverage="100" branchCoverage="100" maxCyclomaticComplexity="2" minCyclomaticComplexity="1" visitedClasses="1" numClasses="1" visitedMethods="5" numMethods="5" />
          <FullName>Autofac.Extras.IocManager.DecoratorService</FullName>
          <Methods>
            <Method visited="true" cyclomaticComplexity="1" nPathComplexity="0" sequenceCoverage="100" branchCoverage="100" isConstructor="false" isStatic="false" isGetter="false" isSetter="false">
              <Summary numSequencePoints="2" visitedSequencePoints="2" numBranchPoints="1" visitedBranchPoints="1" sequenceCoverage="100" branchCoverage="100" maxCyclomaticComplexity="1" minCyclomaticComplexity="1" visitedClasses="0" numClasses="0" visitedMethods="1" numMethods="1" />
              <MetadataToken>100663309</MetadataToken>
              <Name>System.Object Autofac.Extras.IocManager.DecoratorService::Decorate(System.Type,System.Object,Autofac.Extras.IocManager.IResolverContext)</Name>
              <FileRef uid="7" />
              <SequencePoints>
                <SequencePoint vc="7" uspid="88" ordinal="0" offset="0" sl="24" sc="13" el="33" ec="20" bec="0" bev="0" fileid="7" />
                <SequencePoint vc="7" uspid="89" ordinal="1" offset="25" sl="34" sc="13" el="34" ec="62" bec="0" bev="0" fileid="7" />
              </SequencePoints>
              <BranchPoints />
              <MethodPoint xsi:type="SequencePoint" vc="7" uspid="88" ordinal="0" offset="0" sl="24" sc="13" el="33" ec="20" bec="0" bev="0" fileid="7" />
            </Method>
            <Method visited="true" cyclomaticComplexity="2" nPathComplexity="0" sequenceCoverage="100" branchCoverage="100" isConstructor="false" isStatic="false" isGetter="false" isSetter="false">
              <Summary numSequencePoints="1" visitedSequencePoints="1" numBranchPoints="1" visitedBranchPoints="1" sequenceCoverage="100" branchCoverage="100" maxCyclomaticComplexity="2" minCyclomaticComplexity="2" visitedClasses="0" numClasses="0" visitedMethods="1" numMethods="1" />
              <MetadataToken>100663310</MetadataToken>
              <Name>TService Autofac.Extras.IocManager.DecoratorService::Decorate(TService,Autofac.Extras.IocManager.IResolverContext)</Name>
              <FileRef uid="7" />
              <SequencePoints>
                <SequencePoint vc="48" uspid="90" ordinal="0" offset="13" sl="47" sc="13" el="49" ec="127" bec="0" bev="0" fileid="7" />
              </SequencePoints>
              <BranchPoints />
              <MethodPoint vc="48" uspid="93" ordinal="0" offset="0" />
            </Method>
            <Method visited="true" cyclomaticComplexity="1" nPathComplexity="0" sequenceCoverage="100" branchCoverage="100" isConstructor="false" isStatic="false" isGetter="false" isSetter="false">
              <Summary numSequencePoints="3" visitedSequencePoints="3" numBranchPoints="1" visitedBranchPoints="1" sequenceCoverage="100" branchCoverage="100" maxCyclomaticComplexity="1" minCyclomaticComplexity="1" visitedClasses="0" numClasses="0" visitedMethods="1" numMethods="1" />
              <MetadataToken>100663311</MetadataToken>
              <Name>System.Void Autofac.Extras.IocManager.DecoratorService::AddDecorator(System.Func`3&lt;Autofac.Extras.IocManager.IResolverContext,TService,TService&gt;)</Name>
              <FileRef uid="7" />
              <SequencePoints>
                <SequencePoint vc="11" uspid="94" ordinal="0" offset="13" sl="59" sc="13" el="61" ec="69" bec="0" bev="0" fileid="7" />
                <SequencePoint vc="11" uspid="95" ordinal="1" offset="40" sl="62" sc="13" el="62" ec="63" bec="0" bev="0" fileid="7" />
                <SequencePoint vc="11" uspid="96" ordinal="2" offset="58" sl="63" sc="9" el="63" ec="10" bec="0" bev="0" fileid="7" />
              </SequencePoints>
              <BranchPoints />
              <MethodPoint vc="11" uspid="97" ordinal="0" offset="0" />
            </Method>
            <Method visited="true" cyclomaticComplexity="1" nPathComplexity="0" sequenceCoverage="100" branchCoverage="100" isConstructor="true" isStatic="false" isGetter="false" isSetter="false">
              <Summary numSequencePoints="2" visitedSequencePoints="2" numBranchPoints="1" visitedBranchPoints="1" sequenceCoverage="100" branchCoverage="100" maxCyclomaticComplexity="1" minCyclomaticComplexity="1" visitedClasses="0" numClasses="0" visitedMethods="1" numMethods="1" />
              <MetadataToken>100663312</MetadataToken>
              <Name>System.Void Autofac.Extras.IocManager.DecoratorService::.ctor()</Name>
              <FileRef uid="7" />
              <SequencePoints>
                <SequencePoint vc="93" uspid="98" ordinal="0" offset="0" sl="12" sc="9" el="12" ec="192" bec="0" bev="0" fileid="7" />
                <SequencePoint vc="93" uspid="99" ordinal="1" offset="11" sl="13" sc="9" el="13" ec="190" bec="0" bev="0" fileid="7" />
              </SequencePoints>
              <BranchPoints />
              <MethodPoint xsi:type="SequencePoint" vc="93" uspid="98" ordinal="0" offset="0" sl="12" sc="9" el="12" ec="192" bec="0" bev="0" fileid="7" />
            </Method>
            <Method visited="true" cyclomaticComplexity="2" nPathComplexity="0" sequenceCoverage="100" branchCoverage="100" isConstructor="false" isStatic="false" isGetter="false" isSetter="false">
              <Summary numSequencePoints="3" visitedSequencePoints="3" numBranchPoints="1" visitedBranchPoints="1" sequenceCoverage="100" branchCoverage="100" maxCyclomaticComplexity="2" minCyclomaticComplexity="2" visitedClasses="0" numClasses="0" visitedMethods="1" numMethods="1" />
              <MetadataToken>100663313</MetadataToken>
              <Name>System.Func`3&lt;System.Object,Autofac.Extras.IocManager.IResolverContext,System.Object&gt; Autofac.Extras.IocManager.DecoratorService::&lt;Decorate&gt;b__2_0(System.Type)</Name>
              <FileRef uid="7" />
              <SequencePoints>
                <SequencePoint vc="4" uspid="100" ordinal="0" offset="13" sl="28" sc="21" el="30" ec="94" bec="0" bev="0" fileid="7" />
                <SequencePoint vc="4" uspid="101" ordinal="1" offset="61" sl="31" sc="21" el="31" ec="84" bec="0" bev="0" fileid="7" />
                <SequencePoint vc="4" uspid="102" ordinal="2" offset="83" sl="32" sc="21" el="32" ec="80" bec="0" bev="0" fileid="7" />
              </SequencePoints>
              <BranchPoints />
              <MethodPoint vc="4" uspid="105" ordinal="0" offset="0" />
            </Method>
          </Methods>
        </Class>
        <Class>
          <Summary numSequencePoints="1" visitedSequencePoints="1" numBranchPoints="1" visitedBranchPoints="1" sequenceCoverage="100" branchCoverage="100" maxCyclomaticComplexity="1" minCyclomaticComplexity="1" visitedClasses="1" numClasses="1" visitedMethods="1" numMethods="1" />
          <FullName>Autofac.Extras.IocManager.DecoratorService/&lt;&gt;c__DisplayClass2_0</FullName>
          <Methods>
            <Method visited="true" cyclomaticComplexity="1" nPathComplexity="0" sequenceCoverage="0" branchCoverage="0" isConstructor="true" isStatic="false" isGetter="false" isSetter="false">
              <Summary numSequencePoints="0" visitedSequencePoints="0" numBranchPoints="0" visitedBranchPoints="0" sequenceCoverage="0" branchCoverage="0" maxCyclomaticComplexity="1" minCyclomaticComplexity="1" visitedClasses="0" numClasses="0" visitedMethods="0" numMethods="0" />
              <MetadataToken>100663546</MetadataToken>
              <Name>System.Void Autofac.Extras.IocManager.DecoratorService/&lt;&gt;c__DisplayClass2_0::.ctor()</Name>
              <SequencePoints />
              <BranchPoints />
              <MethodPoint vc="4" uspid="106" ordinal="0" offset="0" />
            </Method>
            <Method visited="true" cyclomaticComplexity="1" nPathComplexity="0" sequenceCoverage="100" branchCoverage="100" isConstructor="false" isStatic="false" isGetter="false" isSetter="false">
              <Summary numSequencePoints="1" visitedSequencePoints="1" numBranchPoints="1" visitedBranchPoints="1" sequenceCoverage="100" branchCoverage="100" maxCyclomaticComplexity="1" minCyclomaticComplexity="1" visitedClasses="0" numClasses="0" visitedMethods="1" numMethods="1" />
              <MetadataToken>100663547</MetadataToken>
              <Name>System.Object Autofac.Extras.IocManager.DecoratorService/&lt;&gt;c__DisplayClass2_0::&lt;Decorate&gt;b__2(System.Object,Autofac.Extras.IocManager.IResolverContext)</Name>
              <FileRef uid="7" />
              <SequencePoints>
                <SequencePoint vc="7" uspid="107" ordinal="0" offset="0" sl="32" sc="39" el="32" ec="78" bec="0" bev="0" fileid="7" />
              </SequencePoints>
              <BranchPoints />
              <MethodPoint xsi:type="SequencePoint" vc="7" uspid="107" ordinal="0" offset="0" sl="32" sc="39" el="32" ec="78" bec="0" bev="0" fileid="7" />
            </Method>
          </Methods>
        </Class>
        <Class>
          <Summary numSequencePoints="1" visitedSequencePoints="1" numBranchPoints="1" visitedBranchPoints="1" sequenceCoverage="100" branchCoverage="100" maxCyclomaticComplexity="2" minCyclomaticComplexity="1" visitedClasses="1" numClasses="1" visitedMethods="1" numMethods="1" />
          <FullName>Autofac.Extras.IocManager.DecoratorService/&lt;&gt;c</FullName>
          <Methods>
            <Method visited="true" cyclomaticComplexity="1" nPathComplexity="0" sequenceCoverage="0" branchCoverage="0" isConstructor="true" isStatic="true" isGetter="false" isSetter="false">
              <Summary numSequencePoints="0" visitedSequencePoints="0" numBranchPoints="0" visitedBranchPoints="0" sequenceCoverage="0" branchCoverage="0" maxCyclomaticComplexity="1" minCyclomaticComplexity="1" visitedClasses="0" numClasses="0" visitedMethods="0" numMethods="0" />
              <MetadataToken>100663548</MetadataToken>
              <Name>System.Void Autofac.Extras.IocManager.DecoratorService/&lt;&gt;c::.cctor()</Name>
              <SequencePoints />
              <BranchPoints />
              <MethodPoint vc="1" uspid="108" ordinal="0" offset="0" />
            </Method>
            <Method visited="true" cyclomaticComplexity="1" nPathComplexity="0" sequenceCoverage="0" branchCoverage="0" isConstructor="true" isStatic="false" isGetter="false" isSetter="false">
              <Summary numSequencePoints="0" visitedSequencePoints="0" numBranchPoints="0" visitedBranchPoints="0" sequenceCoverage="0" branchCoverage="0" maxCyclomaticComplexity="1" minCyclomaticComplexity="1" visitedClasses="0" numClasses="0" visitedMethods="0" numMethods="0" />
              <MetadataToken>100663549</MetadataToken>
              <Name>System.Void Autofac.Extras.IocManager.DecoratorService/&lt;&gt;c::.ctor()</Name>
              <SequencePoints />
              <BranchPoints />
              <MethodPoint vc="1" uspid="109" ordinal="0" offset="0" />
            </Method>
            <Method visited="true" cyclomaticComplexity="2" nPathComplexity="0" sequenceCoverage="100" branchCoverage="100" isConstructor="false" isStatic="false" isGetter="false" isSetter="false">
              <Summary numSequencePoints="1" visitedSequencePoints="1" numBranchPoints="1" visitedBranchPoints="1" sequenceCoverage="100" branchCoverage="100" maxCyclomaticComplexity="2" minCyclomaticComplexity="2" visitedClasses="0" numClasses="0" visitedMethods="1" numMethods="1" />
              <MetadataToken>100663550</MetadataToken>
              <Name>System.Boolean Autofac.Extras.IocManager.DecoratorService/&lt;&gt;c::&lt;Decorate&gt;b__2_1(System.Reflection.MethodInfo)</Name>
              <FileRef uid="7" />
              <SequencePoints>
                <SequencePoint vc="28" uspid="110" ordinal="0" offset="0" sl="30" sc="39" el="30" ec="92" bec="0" bev="0" fileid="7" />
              </SequencePoints>
              <BranchPoints />
              <MethodPoint xsi:type="SequencePoint" vc="28" uspid="110" ordinal="0" offset="0" sl="30" sc="39" el="30" ec="92" bec="0" bev="0" fileid="7" />
            </Method>
          </Methods>
        </Class>
        <Class>
          <Summary numSequencePoints="1" visitedSequencePoints="1" numBranchPoints="1" visitedBranchPoints="1" sequenceCoverage="100" branchCoverage="100" maxCyclomaticComplexity="1" minCyclomaticComplexity="1" visitedClasses="1" numClasses="1" visitedMethods="1" numMethods="1" />
          <FullName>Autofac.Extras.IocManager.DecoratorService/&lt;&gt;c__DisplayClass3_0`1</FullName>
          <Methods>
            <Method visited="true" cyclomaticComplexity="1" nPathComplexity="0" sequenceCoverage="0" branchCoverage="0" isConstructor="true" isStatic="false" isGetter="false" isSetter="false">
              <Summary numSequencePoints="0" visitedSequencePoints="0" numBranchPoints="0" visitedBranchPoints="0" sequenceCoverage="0" branchCoverage="0" maxCyclomaticComplexity="1" minCyclomaticComplexity="1" visitedClasses="0" numClasses="0" visitedMethods="0" numMethods="0" />
              <MetadataToken>100663551</MetadataToken>
              <Name>System.Void Autofac.Extras.IocManager.DecoratorService/&lt;&gt;c__DisplayClass3_0`1::.ctor()</Name>
              <SequencePoints />
              <BranchPoints />
              <MethodPoint vc="48" uspid="113" ordinal="0" offset="0" />
            </Method>
            <Method visited="true" cyclomaticComplexity="1" nPathComplexity="0" sequenceCoverage="100" branchCoverage="100" isConstructor="false" isStatic="false" isGetter="false" isSetter="false">
              <Summary numSequencePoints="1" visitedSequencePoints="1" numBranchPoints="1" visitedBranchPoints="1" sequenceCoverage="100" branchCoverage="100" maxCyclomaticComplexity="1" minCyclomaticComplexity="1" visitedClasses="0" numClasses="0" visitedMethods="1" numMethods="1" />
              <MetadataToken>100663552</MetadataToken>
              <Name>TService Autofac.Extras.IocManager.DecoratorService/&lt;&gt;c__DisplayClass3_0`1::&lt;Decorate&gt;b__0(TService,System.Func`3&lt;System.Object,Autofac.Extras.IocManager.IResolverContext,System.Object&gt;)</Name>
              <FileRef uid="7" />
              <SequencePoints>
                <SequencePoint vc="11" uspid="114" ordinal="0" offset="0" sl="49" sc="80" el="49" ec="125" bec="0" bev="0" fileid="7" />
              </SequencePoints>
              <BranchPoints />
              <MethodPoint xsi:type="SequencePoint" vc="11" uspid="114" ordinal="0" offset="0" sl="49" sc="80" el="49" ec="125" bec="0" bev="0" fileid="7" />
            </Method>
          </Methods>
        </Class>
        <Class>
          <Summary numSequencePoints="1" visitedSequencePoints="1" numBranchPoints="1" visitedBranchPoints="1" sequenceCoverage="100" branchCoverage="100" maxCyclomaticComplexity="1" minCyclomaticComplexity="1" visitedClasses="1" numClasses="1" visitedMethods="1" numMethods="1" />
          <FullName>Autofac.Extras.IocManager.DecoratorService/&lt;&gt;c__DisplayClass4_0`1</FullName>
          <Methods>
            <Method visited="true" cyclomaticComplexity="1" nPathComplexity="0" sequenceCoverage="0" branchCoverage="0" isConstructor="true" isStatic="false" isGetter="false" isSetter="false">
              <Summary numSequencePoints="0" visitedSequencePoints="0" numBranchPoints="0" visitedBranchPoints="0" sequenceCoverage="0" branchCoverage="0" maxCyclomaticComplexity="1" minCyclomaticComplexity="1" visitedClasses="0" numClasses="0" visitedMethods="0" numMethods="0" />
              <MetadataToken>100663553</MetadataToken>
              <Name>System.Void Autofac.Extras.IocManager.DecoratorService/&lt;&gt;c__DisplayClass4_0`1::.ctor()</Name>
              <SequencePoints />
              <BranchPoints />
              <MethodPoint vc="11" uspid="115" ordinal="0" offset="0" />
            </Method>
            <Method visited="true" cyclomaticComplexity="1" nPathComplexity="0" sequenceCoverage="100" branchCoverage="100" isConstructor="false" isStatic="false" isGetter="false" isSetter="false">
              <Summary numSequencePoints="1" visitedSequencePoints="1" numBranchPoints="1" visitedBranchPoints="1" sequenceCoverage="100" branchCoverage="100" maxCyclomaticComplexity="1" minCyclomaticComplexity="1" visitedClasses="0" numClasses="0" visitedMethods="1" numMethods="1" />
              <MetadataToken>100663554</MetadataToken>
              <Name>System.Object Autofac.Extras.IocManager.DecoratorService/&lt;&gt;c__DisplayClass4_0`1::&lt;AddDecorator&gt;b__0(System.Object,Autofac.Extras.IocManager.IResolverContext)</Name>
              <FileRef uid="7" />
              <SequencePoints>
                <SequencePoint vc="11" uspid="116" ordinal="0" offset="0" sl="62" sc="38" el="62" ec="61" bec="0" bev="0" fileid="7" />
              </SequencePoints>
              <BranchPoints />
              <MethodPoint xsi:type="SequencePoint" vc="11" uspid="116" ordinal="0" offset="0" sl="62" sc="38" el="62" ec="61" bec="0" bev="0" fileid="7" />
            </Method>
          </Methods>
        </Class>
        <Class>
          <Summary numSequencePoints="2" visitedSequencePoints="0" numBranchPoints="1" visitedBranchPoints="0" sequenceCoverage="0" branchCoverage="0" maxCyclomaticComplexity="1" minCyclomaticComplexity="1" visitedClasses="0" numClasses="1" visitedMethods="0" numMethods="1" />
          <FullName>Autofac.Extras.IocManager.DisposableDependencyObjectWrapper</FullName>
          <Methods>
            <Method visited="false" cyclomaticComplexity="1" nPathComplexity="0" sequenceCoverage="0" branchCoverage="0" isConstructor="true" isStatic="false" isGetter="false" isSetter="false">
              <Summary numSequencePoints="2" visitedSequencePoints="0" numBranchPoints="1" visitedBranchPoints="0" sequenceCoverage="0" branchCoverage="0" maxCyclomaticComplexity="1" minCyclomaticComplexity="1" visitedClasses="0" numClasses="0" visitedMethods="0" numMethods="1" />
              <MetadataToken>100663314</MetadataToken>
              <Name>System.Void Autofac.Extras.IocManager.DisposableDependencyObjectWrapper::.ctor(Autofac.Extras.IocManager.IScopeResolver,System.Type,System.Object)</Name>
              <FileRef uid="12" />
              <SequencePoints>
                <SequencePoint vc="0" uspid="117" ordinal="0" offset="0" sl="8" sc="15" el="8" ec="65" bec="0" bev="0" fileid="12" />
                <SequencePoint vc="0" uspid="118" ordinal="1" offset="9" sl="8" sc="67" el="8" ec="68" bec="0" bev="0" fileid="12" />
              </SequencePoints>
              <BranchPoints />
              <MethodPoint xsi:type="SequencePoint" vc="0" uspid="117" ordinal="0" offset="0" sl="8" sc="15" el="8" ec="65" bec="0" bev="0" fileid="12" />
            </Method>
          </Methods>
        </Class>
        <Class>
          <Summary numSequencePoints="10" visitedSequencePoints="10" numBranchPoints="5" visitedBranchPoints="5" sequenceCoverage="100" branchCoverage="100" maxCyclomaticComplexity="2" minCyclomaticComplexity="1" visitedClasses="1" numClasses="1" visitedMethods="3" numMethods="3" />
          <FullName>Autofac.Extras.IocManager.DisposableDependencyObjectWrapper`1</FullName>
          <Methods>
            <Method visited="true" cyclomaticComplexity="1" nPathComplexity="0" sequenceCoverage="100" branchCoverage="100" isConstructor="false" isStatic="false" isGetter="true" isSetter="false">
              <Summary numSequencePoints="1" visitedSequencePoints="1" numBranchPoints="1" visitedBranchPoints="1" sequenceCoverage="100" branchCoverage="100" maxCyclomaticComplexity="1" minCyclomaticComplexity="1" visitedClasses="0" numClasses="0" visitedMethods="1" numMethods="1" />
              <MetadataToken>100663316</MetadataToken>
              <Name>T Autofac.Extras.IocManager.DisposableDependencyObjectWrapper`1::get_Object()</Name>
              <FileRef uid="12" />
              <SequencePoints>
                <SequencePoint vc="3" uspid="119" ordinal="0" offset="0" sl="28" sc="27" el="28" ec="31" bec="0" bev="0" fileid="12" />
              </SequencePoints>
              <BranchPoints />
              <MethodPoint xsi:type="SequencePoint" vc="3" uspid="119" ordinal="0" offset="0" sl="28" sc="27" el="28" ec="31" bec="0" bev="0" fileid="12" />
            </Method>
            <Method visited="true" cyclomaticComplexity="2" nPathComplexity="2" sequenceCoverage="100" branchCoverage="100" isConstructor="true" isStatic="false" isGetter="false" isSetter="false">
              <Summary numSequencePoints="7" visitedSequencePoints="7" numBranchPoints="3" visitedBranchPoints="3" sequenceCoverage="100" branchCoverage="100" maxCyclomaticComplexity="2" minCyclomaticComplexity="2" visitedClasses="0" numClasses="0" visitedMethods="1" numMethods="1" />
              <MetadataToken>100663315</MetadataToken>
              <Name>System.Void Autofac.Extras.IocManager.DisposableDependencyObjectWrapper`1::.ctor(Autofac.Extras.IocManager.IScopeResolver,System.Type,System.Object)</Name>
              <FileRef uid="12" />
              <SequencePoints>
                <SequencePoint vc="3" uspid="120" ordinal="0" offset="0" sl="15" sc="9" el="15" ec="122" bec="0" bev="0" fileid="12" />
                <SequencePoint vc="3" uspid="121" ordinal="1" offset="6" sl="17" sc="13" el="17" ec="28" bec="0" bev="0" fileid="12" />
                <SequencePoint vc="3" uspid="122" ordinal="2" offset="13" sl="18" sc="13" el="18" ec="50" bec="2" bev="2" fileid="12" />
                <SequencePoint vc="1" uspid="123" ordinal="3" offset="16" sl="20" sc="17" el="20" ec="83" bec="0" bev="0" fileid="12" />
                <SequencePoint vc="1" uspid="124" ordinal="4" offset="40" sl="21" sc="13" el="21" ec="14" bec="0" bev="0" fileid="12" />
                <SequencePoint vc="2" uspid="125" ordinal="5" offset="41" sl="24" sc="17" el="24" ec="57" bec="0" bev="0" fileid="12" />
                <SequencePoint vc="2" uspid="126" ordinal="6" offset="64" sl="26" sc="9" el="26" ec="10" bec="0" bev="0" fileid="12" />
              </SequencePoints>
              <BranchPoints>
                <BranchPoint vc="1" uspid="127" ordinal="0" offset="14" sl="18" path="0" offsetend="16" fileid="12" />
                <BranchPoint vc="2" uspid="128" ordinal="1" offset="14" sl="18" path="1" offsetend="41" fileid="12" />
              </BranchPoints>
              <MethodPoint xsi:type="SequencePoint" vc="3" uspid="120" ordinal="0" offset="0" sl="15" sc="9" el="15" ec="122" bec="0" bev="0" fileid="12" />
            </Method>
            <Method visited="true" cyclomaticComplexity="1" nPathComplexity="0" sequenceCoverage="100" branchCoverage="100" isConstructor="false" isStatic="false" isGetter="false" isSetter="false">
              <Summary numSequencePoints="2" visitedSequencePoints="2" numBranchPoints="1" visitedBranchPoints="1" sequenceCoverage="100" branchCoverage="100" maxCyclomaticComplexity="1" minCyclomaticComplexity="1" visitedClasses="0" numClasses="0" visitedMethods="1" numMethods="1" />
              <MetadataToken>100663317</MetadataToken>
              <Name>System.Void Autofac.Extras.IocManager.DisposableDependencyObjectWrapper`1::Dispose()</Name>
              <FileRef uid="12" />
              <SequencePoints>
                <SequencePoint vc="3" uspid="129" ordinal="0" offset="0" sl="32" sc="13" el="32" ec="30" bec="0" bev="0" fileid="12" />
                <SequencePoint vc="3" uspid="130" ordinal="1" offset="11" sl="33" sc="9" el="33" ec="10" bec="0" bev="0" fileid="12" />
              </SequencePoints>
              <BranchPoints />
              <MethodPoint xsi:type="SequencePoint" vc="3" uspid="129" ordinal="0" offset="0" sl="32" sc="13" el="32" ec="30" bec="0" bev="0" fileid="12" />
            </Method>
          </Methods>
        </Class>
        <Class>
          <Summary numSequencePoints="0" visitedSequencePoints="0" numBranchPoints="0" visitedBranchPoints="0" sequenceCoverage="0" branchCoverage="0" maxCyclomaticComplexity="1" minCyclomaticComplexity="1" visitedClasses="0" numClasses="0" visitedMethods="0" numMethods="0" />
          <FullName>Autofac.Extras.IocManager.DoNotInjectAttribute</FullName>
          <Methods>
            <Method visited="true" cyclomaticComplexity="1" nPathComplexity="0" sequenceCoverage="0" branchCoverage="0" isConstructor="true" isStatic="false" isGetter="false" isSetter="false">
              <Summary numSequencePoints="0" visitedSequencePoints="0" numBranchPoints="0" visitedBranchPoints="0" sequenceCoverage="0" branchCoverage="0" maxCyclomaticComplexity="1" minCyclomaticComplexity="1" visitedClasses="0" numClasses="0" visitedMethods="0" numMethods="0" />
              <MetadataToken>100663318</MetadataToken>
              <Name>System.Void Autofac.Extras.IocManager.DoNotInjectAttribute::.ctor()</Name>
              <SequencePoints />
              <BranchPoints />
              <MethodPoint vc="8" uspid="131" ordinal="0" offset="0" />
            </Method>
          </Methods>
        </Class>
        <Class>
          <Summary numSequencePoints="3" visitedSequencePoints="3" numBranchPoints="3" visitedBranchPoints="3" sequenceCoverage="100" branchCoverage="100" maxCyclomaticComplexity="2" minCyclomaticComplexity="1" visitedClasses="1" numClasses="1" visitedMethods="1" numMethods="1" />
          <FullName>Autofac.Extras.IocManager.DoNotInjectAttributePropertySelector</FullName>
          <Methods>
            <Method visited="true" cyclomaticComplexity="2" nPathComplexity="2" sequenceCoverage="100" branchCoverage="100" isConstructor="false" isStatic="false" isGetter="false" isSetter="false">
              <Summary numSequencePoints="3" visitedSequencePoints="3" numBranchPoints="3" visitedBranchPoints="3" sequenceCoverage="100" branchCoverage="100" maxCyclomaticComplexity="2" minCyclomaticComplexity="2" visitedClasses="0" numClasses="0" visitedMethods="1" numMethods="1" />
              <MetadataToken>100663319</MetadataToken>
              <Name>System.Boolean Autofac.Extras.IocManager.DoNotInjectAttributePropertySelector::InjectProperty(System.Reflection.PropertyInfo,System.Object)</Name>
              <FileRef uid="14" />
              <SequencePoints>
                <SequencePoint vc="80" uspid="132" ordinal="0" offset="0" sl="20" sc="13" el="20" ec="80" bec="2" bev="2" fileid="14" />
                <SequencePoint vc="8" uspid="133" ordinal="1" offset="13" sl="22" sc="17" el="22" ec="30" bec="0" bev="0" fileid="14" />
                <SequencePoint vc="72" uspid="134" ordinal="2" offset="15" sl="25" sc="13" el="25" ec="25" bec="0" bev="0" fileid="14" />
              </SequencePoints>
              <BranchPoints>
                <BranchPoint vc="8" uspid="135" ordinal="0" offset="11" sl="20" path="0" offsetend="13" fileid="14" />
                <BranchPoint vc="72" uspid="136" ordinal="1" offset="11" sl="20" path="1" offsetend="15" fileid="14" />
              </BranchPoints>
              <MethodPoint xsi:type="SequencePoint" vc="80" uspid="132" ordinal="0" offset="0" sl="20" sc="13" el="20" ec="80" bec="2" bev="2" fileid="14" />
            </Method>
            <Method visited="true" cyclomaticComplexity="1" nPathComplexity="0" sequenceCoverage="0" branchCoverage="0" isConstructor="true" isStatic="false" isGetter="false" isSetter="false">
              <Summary numSequencePoints="0" visitedSequencePoints="0" numBranchPoints="0" visitedBranchPoints="0" sequenceCoverage="0" branchCoverage="0" maxCyclomaticComplexity="1" minCyclomaticComplexity="1" visitedClasses="0" numClasses="0" visitedMethods="0" numMethods="0" />
              <MetadataToken>100663320</MetadataToken>
              <Name>System.Void Autofac.Extras.IocManager.DoNotInjectAttributePropertySelector::.ctor()</Name>
              <SequencePoints />
              <BranchPoints />
              <MethodPoint vc="447" uspid="137" ordinal="0" offset="0" />
            </Method>
          </Methods>
        </Class>
        <Class>
          <Summary numSequencePoints="22" visitedSequencePoints="18" numBranchPoints="14" visitedBranchPoints="10" sequenceCoverage="81.82" branchCoverage="71.43" maxCyclomaticComplexity="3" minCyclomaticComplexity="1" visitedClasses="1" numClasses="1" visitedMethods="8" numMethods="10" />
          <FullName>Autofac.Extras.IocManager.IocBuilder</FullName>
          <Methods>
            <Method visited="true" cyclomaticComplexity="1" nPathComplexity="0" sequenceCoverage="100" branchCoverage="100" isConstructor="false" isStatic="true" isGetter="true" isSetter="false">
              <Summary numSequencePoints="1" visitedSequencePoints="1" numBranchPoints="1" visitedBranchPoints="1" sequenceCoverage="100" branchCoverage="100" maxCyclomaticComplexity="1" minCyclomaticComplexity="1" visitedClasses="0" numClasses="0" visitedMethods="1" numMethods="1" />
              <MetadataToken>100663347</MetadataToken>
              <Name>Autofac.Extras.IocManager.IocBuilder Autofac.Extras.IocManager.IocBuilder::get_New()</Name>
              <FileRef uid="15" />
              <SequencePoints>
                <SequencePoint vc="45" uspid="138" ordinal="0" offset="0" sl="30" sc="41" el="30" ec="57" bec="0" bev="0" fileid="15" />
              </SequencePoints>
              <BranchPoints />
              <MethodPoint xsi:type="SequencePoint" vc="45" uspid="138" ordinal="0" offset="0" sl="30" sc="41" el="30" ec="57" bec="0" bev="0" fileid="15" />
            </Method>
            <Method visited="true" cyclomaticComplexity="1" nPathComplexity="0" sequenceCoverage="100" branchCoverage="100" isConstructor="false" isStatic="false" isGetter="true" isSetter="false">
              <Summary numSequencePoints="1" visitedSequencePoints="1" numBranchPoints="1" visitedBranchPoints="1" sequenceCoverage="100" branchCoverage="100" maxCyclomaticComplexity="1" minCyclomaticComplexity="1" visitedClasses="0" numClasses="0" visitedMethods="1" numMethods="1" />
              <MetadataToken>100663348</MetadataToken>
              <Name>Autofac.Extras.IocManager.IModuleRegistration Autofac.Extras.IocManager.IocBuilder::get_ModuleRegistration()</Name>
              <FileRef uid="15" />
              <SequencePoints>
                <SequencePoint vc="3" uspid="139" ordinal="0" offset="0" sl="38" sc="57" el="38" ec="61" bec="0" bev="0" fileid="15" />
              </SequencePoints>
              <BranchPoints />
              <MethodPoint xsi:type="SequencePoint" vc="3" uspid="139" ordinal="0" offset="0" sl="38" sc="57" el="38" ec="61" bec="0" bev="0" fileid="15" />
            </Method>
            <Method visited="true" cyclomaticComplexity="2" nPathComplexity="0" sequenceCoverage="100" branchCoverage="100" isConstructor="true" isStatic="false" isGetter="false" isSetter="false">
              <Summary numSequencePoints="5" visitedSequencePoints="5" numBranchPoints="1" visitedBranchPoints="1" sequenceCoverage="100" branchCoverage="100" maxCyclomaticComplexity="2" minCyclomaticComplexity="2" visitedClasses="0" numClasses="0" visitedMethods="1" numMethods="1" />
              <MetadataToken>100663346</MetadataToken>
              <Name>System.Void Autofac.Extras.IocManager.IocBuilder::.ctor()</Name>
              <FileRef uid="15" />
              <SequencePoints>
                <SequencePoint vc="45" uspid="140" ordinal="0" offset="0" sl="13" sc="9" el="13" ec="135" bec="0" bev="0" fileid="15" />
                <SequencePoint vc="45" uspid="141" ordinal="1" offset="42" sl="18" sc="9" el="18" ec="29" bec="0" bev="0" fileid="15" />
                <SequencePoint vc="45" uspid="142" ordinal="2" offset="48" sl="20" sc="13" el="20" ec="63" bec="0" bev="0" fileid="15" />
                <SequencePoint vc="45" uspid="143" ordinal="3" offset="60" sl="21" sc="13" el="21" ec="63" bec="0" bev="0" fileid="15" />
                <SequencePoint vc="45" uspid="144" ordinal="4" offset="72" sl="22" sc="9" el="22" ec="10" bec="0" bev="0" fileid="15" />
              </SequencePoints>
              <BranchPoints />
[...]
              <SequencePoints>
                <SequencePoint vc="0" uspid="1580" ordinal="0" offset="0" sl="30" sc="13" el="30" ec="140" bec="0" bev="0" fileid="213" />
              </SequencePoints>
              <BranchPoints />
              <MethodPoint xsi:type="SequencePoint" vc="0" uspid="1580" ordinal="0" offset="0" sl="30" sc="13" el="30" ec="140" bec="0" bev="0" fileid="213" />
            </Method>
            <Method visited="true" cyclomaticComplexity="1" nPathComplexity="0" sequenceCoverage="100" branchCoverage="100" isConstructor="false" isStatic="true" isGetter="false" isSetter="false">
              <Summary numSequencePoints="2" visitedSequencePoints="2" numBranchPoints="1" visitedBranchPoints="1" sequenceCoverage="100" branchCoverage="100" maxCyclomaticComplexity="1" minCyclomaticComplexity="1" visitedClasses="0" numClasses="0" visitedMethods="1" numMethods="1" />
              <MetadataToken>100663299</MetadataToken>
              <Name>System.Void Autofac.Extras.IocManager.DynamicProxy.AutofacInterceptionExtensions::InterceptedBy(Autofac.Core.IComponentRegistration)</Name>
              <FileRef uid="213" />
              <SequencePoints>
                <SequencePoint vc="5" uspid="1581" ordinal="0" offset="0" sl="35" sc="13" el="35" ec="62" bec="0" bev="0" fileid="213" />
                <SequencePoint vc="5" uspid="1582" ordinal="1" offset="7" sl="36" sc="9" el="36" ec="10" bec="0" bev="0" fileid="213" />
              </SequencePoints>
              <BranchPoints />
              <MethodPoint xsi:type="SequencePoint" vc="5" uspid="1581" ordinal="0" offset="0" sl="35" sc="13" el="35" ec="62" bec="0" bev="0" fileid="213" />
            </Method>
            <Method visited="true" cyclomaticComplexity="1" nPathComplexity="0" sequenceCoverage="100" branchCoverage="100" isConstructor="false" isStatic="true" isGetter="false" isSetter="false">
              <Summary numSequencePoints="2" visitedSequencePoints="2" numBranchPoints="1" visitedBranchPoints="1" sequenceCoverage="100" branchCoverage="100" maxCyclomaticComplexity="1" minCyclomaticComplexity="1" visitedClasses="0" numClasses="0" visitedMethods="1" numMethods="1" />
              <MetadataToken>100663300</MetadataToken>
              <Name>System.Void Autofac.Extras.IocManager.DynamicProxy.AutofacInterceptionExtensions::InterceptedBy(Autofac.Core.IComponentRegistration,System.Boolean)</Name>
              <FileRef uid="213" />
              <SequencePoints>
                <SequencePoint vc="5" uspid="1583" ordinal="0" offset="0" sl="40" sc="13" el="40" ec="94" bec="0" bev="0" fileid="213" />
                <SequencePoint vc="5" uspid="1584" ordinal="1" offset="26" sl="41" sc="9" el="41" ec="10" bec="0" bev="0" fileid="213" />
              </SequencePoints>
              <BranchPoints />
              <MethodPoint xsi:type="SequencePoint" vc="5" uspid="1583" ordinal="0" offset="0" sl="40" sc="13" el="40" ec="94" bec="0" bev="0" fileid="213" />
            </Method>
            <Method visited="true" cyclomaticComplexity="1" nPathComplexity="0" sequenceCoverage="100" branchCoverage="100" isConstructor="false" isStatic="true" isGetter="false" isSetter="false">
              <Summary numSequencePoints="2" visitedSequencePoints="2" numBranchPoints="1" visitedBranchPoints="1" sequenceCoverage="100" branchCoverage="100" maxCyclomaticComplexity="1" minCyclomaticComplexity="1" visitedClasses="0" numClasses="0" visitedMethods="1" numMethods="1" />
              <MetadataToken>100663301</MetadataToken>
              <Name>System.Void Autofac.Extras.IocManager.DynamicProxy.AutofacInterceptionExtensions::InterceptedBy(Autofac.Core.IComponentRegistration,System.Type[])</Name>
              <FileRef uid="213" />
              <SequencePoints>
                <SequencePoint vc="2" uspid="1585" ordinal="0" offset="0" sl="45" sc="13" el="45" ec="66" bec="0" bev="0" fileid="213" />
                <SequencePoint vc="2" uspid="1586" ordinal="1" offset="8" sl="46" sc="9" el="46" ec="10" bec="0" bev="0" fileid="213" />
              </SequencePoints>
              <BranchPoints />
              <MethodPoint xsi:type="SequencePoint" vc="2" uspid="1585" ordinal="0" offset="0" sl="45" sc="13" el="45" ec="66" bec="0" bev="0" fileid="213" />
            </Method>
            <Method visited="true" cyclomaticComplexity="1" nPathComplexity="0" sequenceCoverage="100" branchCoverage="100" isConstructor="false" isStatic="true" isGetter="false" isSetter="false">
              <Summary numSequencePoints="2" visitedSequencePoints="2" numBranchPoints="1" visitedBranchPoints="1" sequenceCoverage="100" branchCoverage="100" maxCyclomaticComplexity="1" minCyclomaticComplexity="1" visitedClasses="0" numClasses="0" visitedMethods="1" numMethods="1" />
              <MetadataToken>100663302</MetadataToken>
              <Name>System.Void Autofac.Extras.IocManager.DynamicProxy.AutofacInterceptionExtensions::InterceptedBy(Autofac.Core.IComponentRegistration,System.Boolean,System.Type[])</Name>
              <FileRef uid="213" />
              <SequencePoints>
                <SequencePoint vc="7" uspid="1587" ordinal="0" offset="20" sl="50" sc="13" el="50" ec="129" bec="0" bev="0" fileid="213" />
                <SequencePoint vc="7" uspid="1588" ordinal="1" offset="38" sl="51" sc="9" el="51" ec="10" bec="0" bev="0" fileid="213" />
              </SequencePoints>
              <BranchPoints />
              <MethodPoint vc="7" uspid="1589" ordinal="0" offset="0" />
            </Method>
            <Method visited="true" cyclomaticComplexity="9" nPathComplexity="16" sequenceCoverage="88.89" branchCoverage="55.56" isConstructor="false" isStatic="true" isGetter="false" isSetter="false">
              <Summary numSequencePoints="18" visitedSequencePoints="16" numBranchPoints="9" visitedBranchPoints="5" sequenceCoverage="88.89" branchCoverage="55.56" maxCyclomaticComplexity="9" minCyclomaticComplexity="9" visitedClasses="0" numClasses="0" visitedMethods="1" numMethods="1" />
              <MetadataToken>100663303</MetadataToken>
              <Name>System.Void Autofac.Extras.IocManager.DynamicProxy.AutofacInterceptionExtensions::ApplyInterception(System.Type[],Autofac.Core.IActivatingEventArgs`1&lt;System.Object&gt;,System.Boolean)</Name>
              <FileRef uid="213" />
              <SequencePoints>
                <SequencePoint vc="10" uspid="1590" ordinal="0" offset="0" sl="55" sc="13" el="55" ec="46" bec="0" bev="0" fileid="213" />
                <SequencePoint vc="10" uspid="1591" ordinal="1" offset="12" sl="57" sc="13" el="57" ec="142" bec="3" bev="2" fileid="213" />
                <SequencePoint vc="0" uspid="1592" ordinal="2" offset="84" sl="59" sc="17" el="59" ec="24" bec="0" bev="0" fileid="213" />
                <SequencePoint vc="10" uspid="1593" ordinal="3" offset="85" sl="62" sc="13" el="62" ec="95" bec="0" bev="0" fileid="213" />
                <SequencePoint vc="10" uspid="1594" ordinal="4" offset="133" sl="63" sc="13" el="63" ec="42" bec="2" bev="1" fileid="213" />
                <SequencePoint vc="0" uspid="1595" ordinal="5" offset="141" sl="65" sc="17" el="65" ec="24" bec="0" bev="0" fileid="213" />
                <SequencePoint vc="10" uspid="1596" ordinal="6" offset="142" sl="68" sc="13" el="68" ec="59" bec="0" bev="0" fileid="213" />
                <SequencePoint vc="10" uspid="1597" ordinal="7" offset="149" sl="69" sc="13" el="69" ec="69" bec="0" bev="0" fileid="213" />
                <SequencePoint vc="10" uspid="1598" ordinal="8" offset="162" sl="71" sc="13" el="71" ec="81" bec="0" bev="0" fileid="213" />
                <SequencePoint vc="10" uspid="1599" ordinal="9" offset="169" sl="72" sc="46" el="72" ec="62" bec="0" bev="0" fileid="213" />
                <SequencePoint vc="13" uspid="1600" ordinal="10" offset="177" sl="72" sc="22" el="72" ec="42" bec="0" bev="0" fileid="213" />
                <SequencePoint vc="13" uspid="1601" ordinal="11" offset="184" sl="74" sc="17" el="74" ec="92" bec="0" bev="0" fileid="213" />
                <SequencePoint vc="23" uspid="1602" ordinal="12" offset="215" sl="72" sc="43" el="72" ec="45" bec="0" bev="0" fileid="213" />
                <SequencePoint vc="10" uspid="1603" ordinal="13" offset="223" sl="77" sc="13" el="77" ec="48" bec="2" bev="1" fileid="213" />
                <SequencePoint vc="10" uspid="1604" ordinal="14" offset="233" sl="79" sc="17" el="79" ec="78" bec="0" bev="0" fileid="213" />
                <SequencePoint vc="10" uspid="1605" ordinal="15" offset="242" sl="81" sc="17" el="83" ec="113" bec="0" bev="0" fileid="213" />
                <SequencePoint vc="10" uspid="1606" ordinal="16" offset="288" sl="85" sc="17" el="85" ec="56" bec="0" bev="0" fileid="213" />
                <SequencePoint vc="10" uspid="1607" ordinal="17" offset="296" sl="87" sc="9" el="87" ec="10" bec="0" bev="0" fileid="213" />
              </SequencePoints>
              <BranchPoints>
                <BranchPoint vc="10" uspid="1610" ordinal="2" offset="64" sl="57" path="0" offsetend="66" fileid="213" />
                <BranchPoint vc="0" uspid="1611" ordinal="3" offset="64" sl="57" path="1" offsetend="84" fileid="213" />
                <BranchPoint vc="0" uspid="1612" ordinal="4" offset="82" sl="57" path="0" offsetend="84" fileid="213" />
                <BranchPoint vc="10" uspid="1613" ordinal="5" offset="82" sl="57" path="1" offsetend="85" fileid="213" />
                <BranchPoint vc="0" uspid="1616" ordinal="8" offset="139" sl="63" path="0" offsetend="141" fileid="213" />
                <BranchPoint vc="10" uspid="1617" ordinal="9" offset="139" sl="63" path="1" offsetend="142" fileid="213" />
                <BranchPoint vc="10" uspid="1620" ordinal="12" offset="231" sl="77" path="0" offsetend="233" fileid="213" />
                <BranchPoint vc="0" uspid="1621" ordinal="13" offset="231" sl="77" path="1" offsetend="296" fileid="213" />
              </BranchPoints>
              <MethodPoint xsi:type="SequencePoint" vc="10" uspid="1590" ordinal="0" offset="0" sl="55" sc="13" el="55" ec="46" bec="0" bev="0" fileid="213" />
            </Method>
            <Method visited="true" cyclomaticComplexity="1" nPathComplexity="0" sequenceCoverage="100" branchCoverage="100" isConstructor="true" isStatic="true" isGetter="false" isSetter="false">
              <Summary numSequencePoints="1" visitedSequencePoints="1" numBranchPoints="1" visitedBranchPoints="1" sequenceCoverage="100" branchCoverage="100" maxCyclomaticComplexity="1" minCyclomaticComplexity="1" visitedClasses="0" numClasses="0" visitedMethods="1" numMethods="1" />
              <MetadataToken>100663304</MetadataToken>
              <Name>System.Void Autofac.Extras.IocManager.DynamicProxy.AutofacInterceptionExtensions::.cctor()</Name>
              <FileRef uid="213" />
              <SequencePoints>
                <SequencePoint vc="1" uspid="1624" ordinal="0" offset="0" sl="15" sc="9" el="15" ec="81" bec="0" bev="0" fileid="213" />
              </SequencePoints>
              <BranchPoints />
              <MethodPoint xsi:type="SequencePoint" vc="1" uspid="1624" ordinal="0" offset="0" sl="15" sc="9" el="15" ec="81" bec="0" bev="0" fileid="213" />
            </Method>
          </Methods>
        </Class>
        <Class>
          <Summary numSequencePoints="2" visitedSequencePoints="2" numBranchPoints="1" visitedBranchPoints="1" sequenceCoverage="100" branchCoverage="100" maxCyclomaticComplexity="1" minCyclomaticComplexity="1" visitedClasses="1" numClasses="1" visitedMethods="1" numMethods="1" />
          <FullName>Autofac.Extras.IocManager.DynamicProxy.AutofacInterceptionExtensions/&lt;&gt;c__DisplayClass6_0</FullName>
          <Methods>
            <Method visited="true" cyclomaticComplexity="1" nPathComplexity="0" sequenceCoverage="0" branchCoverage="0" isConstructor="true" isStatic="false" isGetter="false" isSetter="false">
              <Summary numSequencePoints="0" visitedSequencePoints="0" numBranchPoints="0" visitedBranchPoints="0" sequenceCoverage="0" branchCoverage="0" maxCyclomaticComplexity="1" minCyclomaticComplexity="1" visitedClasses="0" numClasses="0" visitedMethods="0" numMethods="0" />
              <MetadataToken>100663305</MetadataToken>
              <Name>System.Void Autofac.Extras.IocManager.DynamicProxy.AutofacInterceptionExtensions/&lt;&gt;c__DisplayClass6_0::.ctor()</Name>
              <SequencePoints />
              <BranchPoints />
              <MethodPoint vc="7" uspid="1625" ordinal="0" offset="0" />
            </Method>
            <Method visited="true" cyclomaticComplexity="1" nPathComplexity="0" sequenceCoverage="100" branchCoverage="100" isConstructor="false" isStatic="false" isGetter="false" isSetter="false">
              <Summary numSequencePoints="2" visitedSequencePoints="2" numBranchPoints="1" visitedBranchPoints="1" sequenceCoverage="100" branchCoverage="100" maxCyclomaticComplexity="1" minCyclomaticComplexity="1" visitedClasses="0" numClasses="0" visitedMethods="1" numMethods="1" />
              <MetadataToken>100663306</MetadataToken>
              <Name>System.Void Autofac.Extras.IocManager.DynamicProxy.AutofacInterceptionExtensions/&lt;&gt;c__DisplayClass6_0::&lt;InterceptedBy&gt;b__0(System.Object,Autofac.Core.ActivatingEventArgs`1&lt;System.Object&gt;)</Name>
              <FileRef uid="213" />
              <SequencePoints>
                <SequencePoint vc="10" uspid="1626" ordinal="0" offset="0" sl="50" sc="57" el="50" ec="126" bec="0" bev="0" fileid="213" />
                <SequencePoint vc="10" uspid="1627" ordinal="1" offset="18" sl="50" sc="127" el="50" ec="128" bec="0" bev="0" fileid="213" />
              </SequencePoints>
              <BranchPoints />
              <MethodPoint xsi:type="SequencePoint" vc="10" uspid="1626" ordinal="0" offset="0" sl="50" sc="57" el="50" ec="126" bec="0" bev="0" fileid="213" />
            </Method>
          </Methods>
        </Class>
        <Class>
          <Summary numSequencePoints="2" visitedSequencePoints="2" numBranchPoints="2" visitedBranchPoints="2" sequenceCoverage="100" branchCoverage="100" maxCyclomaticComplexity="1" minCyclomaticComplexity="1" visitedClasses="1" numClasses="1" visitedMethods="2" numMethods="2" />
          <FullName>Autofac.Extras.IocManager.DynamicProxy.AutofacInterceptionExtensions/&lt;&gt;c</FullName>
          <Methods>
            <Method visited="true" cyclomaticComplexity="1" nPathComplexity="0" sequenceCoverage="0" branchCoverage="0" isConstructor="true" isStatic="true" isGetter="false" isSetter="false">
              <Summary numSequencePoints="0" visitedSequencePoints="0" numBranchPoints="0" visitedBranchPoints="0" sequenceCoverage="0" branchCoverage="0" maxCyclomaticComplexity="1" minCyclomaticComplexity="1" visitedClasses="0" numClasses="0" visitedMethods="0" numMethods="0" />
              <MetadataToken>100663307</MetadataToken>
              <Name>System.Void Autofac.Extras.IocManager.DynamicProxy.AutofacInterceptionExtensions/&lt;&gt;c::.cctor()</Name>
              <SequencePoints />
              <BranchPoints />
              <MethodPoint vc="1" uspid="1628" ordinal="0" offset="0" />
            </Method>
            <Method visited="true" cyclomaticComplexity="1" nPathComplexity="0" sequenceCoverage="0" branchCoverage="0" isConstructor="true" isStatic="false" isGetter="false" isSetter="false">
              <Summary numSequencePoints="0" visitedSequencePoints="0" numBranchPoints="0" visitedBranchPoints="0" sequenceCoverage="0" branchCoverage="0" maxCyclomaticComplexity="1" minCyclomaticComplexity="1" visitedClasses="0" numClasses="0" visitedMethods="0" numMethods="0" />
              <MetadataToken>100663308</MetadataToken>
              <Name>System.Void Autofac.Extras.IocManager.DynamicProxy.AutofacInterceptionExtensions/&lt;&gt;c::.ctor()</Name>
              <SequencePoints />
              <BranchPoints />
              <MethodPoint vc="1" uspid="1629" ordinal="0" offset="0" />
            </Method>
            <Method visited="true" cyclomaticComplexity="1" nPathComplexity="0" sequenceCoverage="100" branchCoverage="100" isConstructor="false" isStatic="false" isGetter="false" isSetter="false">
              <Summary numSequencePoints="1" visitedSequencePoints="1" numBranchPoints="1" visitedBranchPoints="1" sequenceCoverage="100" branchCoverage="100" maxCyclomaticComplexity="1" minCyclomaticComplexity="1" visitedClasses="0" numClasses="0" visitedMethods="1" numMethods="1" />
              <MetadataToken>100663309</MetadataToken>
              <Name>System.Boolean Autofac.Extras.IocManager.DynamicProxy.AutofacInterceptionExtensions/&lt;&gt;c::&lt;ApplyInterception&gt;b__7_0(Autofac.Core.IServiceWithType)</Name>
              <FileRef uid="213" />
              <SequencePoints>
                <SequencePoint vc="20" uspid="1630" ordinal="0" offset="0" sl="57" sc="76" el="57" ec="102" bec="0" bev="0" fileid="213" />
              </SequencePoints>
              <BranchPoints />
              <MethodPoint xsi:type="SequencePoint" vc="20" uspid="1630" ordinal="0" offset="0" sl="57" sc="76" el="57" ec="102" bec="0" bev="0" fileid="213" />
            </Method>
            <Method visited="true" cyclomaticComplexity="1" nPathComplexity="0" sequenceCoverage="100" branchCoverage="100" isConstructor="false" isStatic="false" isGetter="false" isSetter="false">
              <Summary numSequencePoints="1" visitedSequencePoints="1" numBranchPoints="1" visitedBranchPoints="1" sequenceCoverage="100" branchCoverage="100" maxCyclomaticComplexity="1" minCyclomaticComplexity="1" visitedClasses="0" numClasses="0" visitedMethods="1" numMethods="1" />
              <MetadataToken>100663310</MetadataToken>
              <Name>System.Boolean Autofac.Extras.IocManager.DynamicProxy.AutofacInterceptionExtensions/&lt;&gt;c::&lt;ApplyInterception&gt;b__7_1(System.Type)</Name>
              <FileRef uid="213" />
              <SequencePoints>
                <SequencePoint vc="40" uspid="1631" ordinal="0" offset="0" sl="62" sc="72" el="62" ec="83" bec="0" bev="0" fileid="213" />
              </SequencePoints>
              <BranchPoints />
              <MethodPoint xsi:type="SequencePoint" vc="40" uspid="1631" ordinal="0" offset="0" sl="62" sc="72" el="62" ec="83" bec="0" bev="0" fileid="213" />
            </Method>
          </Methods>
        </Class>
      </Classes>
    </Module>
    <Module skippedDueTo="Filter" hash="34-A3-5D-67-8E-E7-DB-60-FE-97-F3-BD-D4-E7-40-6B-00-DA-51-C8">
      <ModulePath>C:\WINDOWS\Microsoft.Net\assembly\GAC_MSIL\System.Configuration\v4.0_4.0.0.0__b03f5f7f11d50a3a\System.Configuration.dll</ModulePath>
      <ModuleTime>2016-07-16T11:43:53.9992781Z</ModuleTime>
      <ModuleName>System.Configuration</ModuleName>
      <Classes />
    </Module>
    <Module skippedDueTo="Filter" hash="88-45-F0-9C-3C-9F-72-79-CB-6A-82-FA-D7-DB-C3-4A-59-80-3C-6B">
      <ModulePath>C:\WINDOWS\Microsoft.Net\assembly\GAC_MSIL\System.Xml\v4.0_4.0.0.0__b77a5c561934e089\System.Xml.dll</ModulePath>
      <ModuleTime>2016-07-16T11:43:55.4992744Z</ModuleTime>
      <ModuleName>System.Xml</ModuleName>
      <Classes />
    </Module>
    <Module skippedDueTo="Filter" hash="">
      <ModulePath>RefEmit_InMemoryManifestModule</ModulePath>
      <ModuleTime>0001-01-01T00:00:00</ModuleTime>
      <ModuleName>Anonymously Hosted DynamicMethods Assembly</ModuleName>
      <Classes />
    </Module>
    <Module skippedDueTo="Filter" hash="">
      <ModulePath>RefEmit_InMemoryManifestModule</ModulePath>
      <ModuleTime>0001-01-01T00:00:00</ModuleTime>
      <ModuleName>DynamicProxyGenAssembly2</ModuleName>
      <Classes />
    </Module>
    <Module skippedDueTo="Filter" hash="">
      <ModulePath>RefEmit_InMemoryManifestModule</ModulePath>
      <ModuleTime>0001-01-01T00:00:00</ModuleTime>
      <ModuleName>DynamicProxyGenAssembly2</ModuleName>
      <Classes />
    </Module>
  </Modules>
</CoverageSession>